open source     > level 1, order 1, name '/usr/share/texmf/tex/context/base/mkiv/cont-yes.mkiv'
system          > 
system          > ConTeXt  ver: 2021.03.05 19:11 MKIV  fmt: 2022.11.12  int: english/english
system          > 
system          > 'cont-new.mkiv' loaded
open source     > level 2, order 2, name '/usr/share/texmf/tex/context/base/mkiv/cont-new.mkiv'
system          > beware: some patches loaded from cont-new.mkiv
close source    > level 2, order 2, name '/usr/share/texmf/tex/context/base/mkiv/cont-new.mkiv'
system          > files > jobname '000', input './000', result '000'
fonts           > latin modern fonts are not preloaded
languages       > language 'en' is active
open source     > level 2, order 3, name '/home/editorial/LATEX/pesquisa-ConTeXt/000.tex'
fonts           > preloading latin modern fonts (second stage)
fonts           > 'fallback modern-designsize rm 12pt' is loaded
open source     > level 3, order 4, name '/usr/share/texmf/tex/context/sample/common/knuth.tex'
close source    > level 3, order 4, name '/usr/share/texmf/tex/context/sample/common/knuth.tex'
backend         > xmp > using file '/usr/share/texmf/tex/context/base/mkiv/lpdf-pdx.xml'
pages           > flushing realpage 1, userpage 1, subpage 1
close source    > level 2, order 4, name '/home/editorial/LATEX/pesquisa-ConTeXt/000.tex'
close source    > level 1, order 4, name '/usr/share/texmf/tex/context/base/mkiv/cont-yes.mkiv'

system          > start used files

system          > text: 000

system          > stop used files


system          > start used files

system          >    1: filename=char-prv.lua filetype=tex format=tex foundname=/usr/share/texmf/tex/context/base/mkiv/char-prv.lua fullname=/usr/share/texmf/tex/context/base/mkiv/char-prv.lua usedmethod=database
system          >    2: filename=cont-yes.mkiv filetype=tex foundname=/usr/share/texmf/tex/context/base/mkiv/cont-yes.mkiv fullname=/usr/share/texmf/tex/context/base/mkiv/cont-yes.mkiv usedmethod=database
system          >    3: filename=publ-imp-default.lua filetype=scripts foundname=/usr/share/texmf/tex/context/base/mkiv/publ-imp-default.lua fullname=/usr/share/texmf/tex/context/base/mkiv/publ-imp-default.lua usedmethod=database
system          >    4: filename=cont-new.mkiv filetype=tex foundname=/usr/share/texmf/tex/context/base/mkiv/cont-new.mkiv fullname=/usr/share/texmf/tex/context/base/mkiv/cont-new.mkiv usedmethod=database
system          >    5: filename=lang-exc.lua filetype=scripts foundname=/usr/share/texmf/tex/context/base/mkiv/lang-exc.lua fullname=/usr/share/texmf/tex/context/base/mkiv/lang-exc.lua usedmethod=database
system          >    6: filename=lang-us.lua filetype=scripts foundname=/usr/share/texmf/tex/context/patterns/mkiv/lang-us.lua fullname=/usr/share/texmf/tex/context/patterns/mkiv/lang-us.lua usedmethod=database
system          >    7: filename=/home/editorial/LATEX/pesquisa-ConTeXt/000.tex foundname=/home/editorial/LATEX/pesquisa-ConTeXt/000.tex fullname=/home/editorial/LATEX/pesquisa-ConTeXt/000.tex usedmethod=direct
system          >    8: filename=lm.lfg filetype=tex foundname=/usr/share/texmf/tex/context/fonts/mkiv/lm.lfg fullname=/usr/share/texmf/tex/context/fonts/mkiv/lm.lfg usedmethod=database
system          >    9: filename=lmroman12-regular filetype=otf format=otf foundname=/usr/share/texmf/fonts/opentype/public/lm/lmroman12-regular.otf fullname=/usr/share/texmf/fonts/opentype/public/lm/lmroman12-regular.otf usedmethod=database
system          >   10: filename=latinmodern-math.otf filetype=opentypefonts foundname=/usr/share/texmf/fonts/opentype/public/lm-math/latinmodern-math.otf fullname=/usr/share/texmf/fonts/opentype/public/lm-math/latinmodern-math.otf usedmethod=database
system          >   11: filename=knuth filetype=tex foundname=/usr/share/texmf/tex/context/sample/common/knuth.tex fullname=/usr/share/texmf/tex/context/sample/common/knuth.tex usedmethod=database
system          >   12: filename=lpdf-pdx.xml filetype=tex foundname=/usr/share/texmf/tex/context/base/mkiv/lpdf-pdx.xml fullname=/usr/share/texmf/tex/context/base/mkiv/lpdf-pdx.xml usedmethod=database

system          > stop used files


system          > start commandline options

system          > currentrun="1"
system          > fulljobname="./000.tex"
system          > input="./000.tex"
system          > kindofrun="1"
system          > maxnofruns="9"
system          > texmfbinpath="/usr/bin"

system          > stop commandline options


system          > start commandline files

system          >    1: ./000.tex

system          > stop commandline files


modules         > start used modules


modules         > stop used modules


mkiv lua stats  > used config file: /usr/share/texmf/web2c/texmfcnf.lua;/usr/share/texlive/texmf-dist/web2c/texmfcnf.lua
mkiv lua stats  > used cache path: readable: '/var/lib/texmf/luatex-cache/context/b47c3d3cee7cb6c86268d0595268c442' | readable+writable: '/home/editorial/.texlive2021/texmf-var/luatex-cache/context/b47c3d3cee7cb6c86268d0595268c442'
mkiv lua stats  > resource resolver: loadtime 0.114 seconds, 1 scans with scantime 0.000 seconds, 0 shared scans, 12 found files, scanned paths: /home/editorial/texmf
mkiv lua stats  > stored bytecode data: 454 modules (0.279 sec), 96 tables (0.009 sec), 550 chunks (0.288 sec)
mkiv lua stats  > traced context: maxstack: 1420, freed: 0, unreachable: 1420
mkiv lua stats  > cleaned up reserved nodes: 57 nodes, 9 lists of 442
mkiv lua stats  > node memory usage: 11 attribute, 4 attribute_list, 1 glue, 51 glue_spec, 3 kern, 2 penalty, 2 temp, 2 user_defined
mkiv lua stats  > node list callback tasks: 8 unique task lists, 7 instances (re)created, 61 calls
mkiv lua stats  > used backend: pdf (backend for directly generating pdf output)
mkiv lua stats  > jobdata time: 0.000 seconds saving, 0.000 seconds loading
mkiv lua stats  > callbacks: internal: 168, file: 83, direct: 2, late: 0, function 505, total: 758 (758 per page)
mkiv lua stats  > randomizer: resumed with value 0.73717753309757
mkiv lua stats  > result saved in file: 000.pdf, compresslevel 3, objectcompresslevel 1
mkiv lua stats  > loaded patterns: en::1, load time: 0.000
mkiv lua stats  > loaded fonts: 2 files: latinmodern-math.otf, lmroman12-regular.otf
mkiv lua stats  > font engine: otf 3.113, afm 1.513, tfm 1.000, 7 instances, 3 shared in backend, 3 common vectors, 0 common hashes, load time 0.127 seconds 
mkiv lua stats  > used platform: linux-64, type: unix, binary subtree: usr
mkiv lua stats  > used engine: luatex version: 1.14, functionality level: 7439, banner: this is luatex, version 1.14.0 (tex live 2022/dev/debian)
mkiv lua stats  > used hash slots: 46497 of 65536 + 200000
mkiv lua stats  > lua properties: engine: lua 5.3, used memory: 145 MB, ctx: 145 MB, max: unknown MB, hash chars: min(64,40), symbol mask: utf (τεχ)
mkiv lua stats  > runtime: 0.447 seconds, 1 processed pages, 1 shipped pages, 2.237 pages/second

