open source     > level 1, order 1, name '/usr/share/texmf/tex/context/base/mkiv/cont-yes.mkiv'
system          > 
system          > ConTeXt  ver: 2021.03.05 19:11 MKIV  fmt: 2022.11.12  int: english/english
system          > 
system          > 'cont-new.mkiv' loaded
open source     > level 2, order 2, name '/usr/share/texmf/tex/context/base/mkiv/cont-new.mkiv'
system          > beware: some patches loaded from cont-new.mkiv
close source    > level 2, order 2, name '/usr/share/texmf/tex/context/base/mkiv/cont-new.mkiv'
system          > files > jobname '002', input './002', result '002'
fonts           > latin modern fonts are not preloaded
languages       > language 'en' is active
open source     > level 2, order 3, name '/home/editorial/LATEX/pesquisa-ConTeXt/002.tex'
selectfont      > the requested font 'TeX Gyre Pagella' has no files for the 'tf' alternative, Latin Modern is used instead.
fonts           > preloading modern-designsize (mono)
fonts           > typescripts > unknown library 'modern-designsize'
fonts           > 'fallback modern-designsize tt 12pt' is loaded
backend         > xmp > using file '/usr/share/texmf/tex/context/base/mkiv/lpdf-pdx.xml'
pages           > flushing realpage 1, userpage 1, subpage 1
pages           > flushing realpage 2, userpage 2, subpage 2
pages           > flushing realpage 3, userpage 2, subpage 3
pages           > flushing realpage 4, userpage 2, subpage 4
pages           > flushing realpage 5, userpage 2, subpage 5
close source    > level 2, order 3, name '/home/editorial/LATEX/pesquisa-ConTeXt/002.tex'
close source    > level 1, order 3, name '/usr/share/texmf/tex/context/base/mkiv/cont-yes.mkiv'

system          > start used files

system          > text: 002

system          > stop used files


system          > start used files

system          >    1: filename=char-prv.lua filetype=tex format=tex foundname=/usr/share/texmf/tex/context/base/mkiv/char-prv.lua fullname=/usr/share/texmf/tex/context/base/mkiv/char-prv.lua usedmethod=database
system          >    2: filename=cont-yes.mkiv filetype=tex foundname=/usr/share/texmf/tex/context/base/mkiv/cont-yes.mkiv fullname=/usr/share/texmf/tex/context/base/mkiv/cont-yes.mkiv usedmethod=database
system          >    3: filename=publ-imp-default.lua filetype=scripts foundname=/usr/share/texmf/tex/context/base/mkiv/publ-imp-default.lua fullname=/usr/share/texmf/tex/context/base/mkiv/publ-imp-default.lua usedmethod=database
system          >    4: filename=cont-new.mkiv filetype=tex foundname=/usr/share/texmf/tex/context/base/mkiv/cont-new.mkiv fullname=/usr/share/texmf/tex/context/base/mkiv/cont-new.mkiv usedmethod=database
system          >    5: filename=lang-exc.lua filetype=scripts foundname=/usr/share/texmf/tex/context/base/mkiv/lang-exc.lua fullname=/usr/share/texmf/tex/context/base/mkiv/lang-exc.lua usedmethod=database
system          >    6: filename=lang-us.lua filetype=scripts foundname=/usr/share/texmf/tex/context/patterns/mkiv/lang-us.lua fullname=/usr/share/texmf/tex/context/patterns/mkiv/lang-us.lua usedmethod=database
system          >    7: filename=/home/editorial/LATEX/pesquisa-ConTeXt/002.tex foundname=/home/editorial/LATEX/pesquisa-ConTeXt/002.tex fullname=/home/editorial/LATEX/pesquisa-ConTeXt/002.tex usedmethod=direct
system          >    8: filename=texgyre.lfg filetype=tex foundname=/usr/share/texmf/tex/context/fonts/mkiv/texgyre.lfg fullname=/usr/share/texmf/tex/context/fonts/mkiv/texgyre.lfg usedmethod=database
system          >    9: filename=lm.lfg filetype=tex foundname=/usr/share/texmf/tex/context/fonts/mkiv/lm.lfg fullname=/usr/share/texmf/tex/context/fonts/mkiv/lm.lfg usedmethod=database
system          >   10: filename=texgyrepagella-regular.otf filetype=otf format=otf foundname=/usr/share/texmf/fonts/opentype/public/tex-gyre/texgyrepagella-regular.otf fullname=/usr/share/texmf/fonts/opentype/public/tex-gyre/texgyrepagella-regular.otf usedmethod=database
system          >   11: filename=texgyrepagella-math.otf filetype=otf format=otf foundname=/usr/share/texmf/fonts/opentype/public/tex-gyre-math/texgyrepagella-math.otf fullname=/usr/share/texmf/fonts/opentype/public/tex-gyre-math/texgyrepagella-math.otf usedmethod=database
system          >   12: filename=texgyreheros-regular.otf filetype=otf format=otf foundname=/usr/share/texmf/fonts/opentype/public/tex-gyre/texgyreheros-regular.otf fullname=/usr/share/texmf/fonts/opentype/public/tex-gyre/texgyreheros-regular.otf usedmethod=database
system          >   13: filename=lpdf-pdx.xml filetype=tex foundname=/usr/share/texmf/tex/context/base/mkiv/lpdf-pdx.xml fullname=/usr/share/texmf/tex/context/base/mkiv/lpdf-pdx.xml usedmethod=database
system          >   14: filename=texgyrepagella-italic.otf filetype=otf format=otf foundname=/usr/share/texmf/fonts/opentype/public/tex-gyre/texgyrepagella-italic.otf fullname=/usr/share/texmf/fonts/opentype/public/tex-gyre/texgyrepagella-italic.otf usedmethod=database
system          >   15: filename=texgyrepagella-bold.otf filetype=otf format=otf foundname=/usr/share/texmf/fonts/opentype/public/tex-gyre/texgyrepagella-bold.otf fullname=/usr/share/texmf/fonts/opentype/public/tex-gyre/texgyrepagella-bold.otf usedmethod=database
system          >   16: filename=texgyrepagella-bolditalic.otf filetype=otf format=otf foundname=/usr/share/texmf/fonts/opentype/public/tex-gyre/texgyrepagella-bolditalic.otf fullname=/usr/share/texmf/fonts/opentype/public/tex-gyre/texgyrepagella-bolditalic.otf usedmethod=database
system          >   17: filename=texgyreheros-italic.otf filetype=otf format=otf foundname=/usr/share/texmf/fonts/opentype/public/tex-gyre/texgyreheros-italic.otf fullname=/usr/share/texmf/fonts/opentype/public/tex-gyre/texgyreheros-italic.otf usedmethod=database
system          >   18: filename=texgyreheros-bold.otf filetype=otf format=otf foundname=/usr/share/texmf/fonts/opentype/public/tex-gyre/texgyreheros-bold.otf fullname=/usr/share/texmf/fonts/opentype/public/tex-gyre/texgyreheros-bold.otf usedmethod=database
system          >   19: filename=texgyreheros-bolditalic.otf filetype=otf format=otf foundname=/usr/share/texmf/fonts/opentype/public/tex-gyre/texgyreheros-bolditalic.otf fullname=/usr/share/texmf/fonts/opentype/public/tex-gyre/texgyreheros-bolditalic.otf usedmethod=database
system          >   20: filename=lmroman10-bolditalic filetype=otf format=otf foundname=/usr/share/texmf/fonts/opentype/public/lm/lmroman10-bolditalic.otf fullname=/usr/share/texmf/fonts/opentype/public/lm/lmroman10-bolditalic.otf usedmethod=database
system          >   21: filename=lmroman10-regular filetype=otf format=otf foundname=/usr/share/texmf/fonts/opentype/public/lm/lmroman10-regular.otf fullname=/usr/share/texmf/fonts/opentype/public/lm/lmroman10-regular.otf usedmethod=database
system          >   22: filename=lmroman10-italic filetype=otf format=otf foundname=/usr/share/texmf/fonts/opentype/public/lm/lmroman10-italic.otf fullname=/usr/share/texmf/fonts/opentype/public/lm/lmroman10-italic.otf usedmethod=database
system          >   23: filename=lmroman10-bold filetype=otf format=otf foundname=/usr/share/texmf/fonts/opentype/public/lm/lmroman10-bold.otf fullname=/usr/share/texmf/fonts/opentype/public/lm/lmroman10-bold.otf usedmethod=database

system          > stop used files


system          > start commandline options

system          > currentrun="1"
system          > fulljobname="./002.tex"
system          > input="./002.tex"
system          > kindofrun="1"
system          > maxnofruns="9"
system          > texmfbinpath="/usr/bin"

system          > stop commandline options


system          > start commandline files

system          >    1: ./002.tex

system          > stop commandline files


modules         > start used modules


modules         > stop used modules


mkiv lua stats  > used config file: /usr/share/texmf/web2c/texmfcnf.lua;/usr/share/texlive/texmf-dist/web2c/texmfcnf.lua
mkiv lua stats  > used cache path: readable: '/var/lib/texmf/luatex-cache/context/b47c3d3cee7cb6c86268d0595268c442' | readable+writable: '/home/editorial/.texlive2021/texmf-var/luatex-cache/context/b47c3d3cee7cb6c86268d0595268c442'
mkiv lua stats  > resource resolver: loadtime 0.111 seconds, 1 scans with scantime 0.000 seconds, 0 shared scans, 23 found files, scanned paths: /home/editorial/texmf
mkiv lua stats  > stored bytecode data: 454 modules (0.276 sec), 96 tables (0.009 sec), 550 chunks (0.285 sec)
mkiv lua stats  > traced context: maxstack: 1421, freed: 1, unreachable: 1420
mkiv lua stats  > cleaned up reserved nodes: 60 nodes, 9 lists of 442
mkiv lua stats  > node memory usage: 11 attribute, 4 attribute_list, 1 glue, 51 glue_spec, 3 kern, 2 penalty, 2 temp, 2 user_defined
mkiv lua stats  > node list callback tasks: 8 unique task lists, 7 instances (re)created, 169 calls
mkiv lua stats  > used backend: pdf (backend for directly generating pdf output)
mkiv lua stats  > jobdata time: 0.001 seconds saving, 0.000 seconds loading
mkiv lua stats  > callbacks: internal: 482, file: 115, direct: 2, late: 1, function 1270, total: 1870 (374 per page)
mkiv lua stats  > randomizer: resumed with value 0.93108938354999
mkiv lua stats  > result saved in file: 002.pdf, compresslevel 3, objectcompresslevel 1
mkiv lua stats  > loaded patterns: en::1, load time: 0.000
mkiv lua stats  > interactive elements: 1 references, 0 destinations
mkiv lua stats  > loaded fonts: 13 files: lmroman10-bold.otf, lmroman10-bolditalic.otf, lmroman10-italic.otf, lmroman10-regular.otf, texgyrepagella-math.otf, texgyreheros-bold.otf, texgyreheros-bolditalic.otf, texgyreheros-italic.otf, texgyreheros-regular.otf, texgyrepagella-bold.otf, texgyrepagella-bolditalic.otf, texgyrepagella-italic.otf, texgyrepagella-regular.otf
mkiv lua stats  > font engine: otf 3.113, afm 1.513, tfm 1.000, 22 instances, 7 shared in backend, 1 common vectors, 6 common hashes, load time 0.186 seconds 
mkiv lua stats  > pdf annotations: 1 links (1 unique), 0 special
mkiv lua stats  > used platform: linux-64, type: unix, binary subtree: usr
mkiv lua stats  > used engine: luatex version: 1.14, functionality level: 7439, banner: this is luatex, version 1.14.0 (tex live 2022/dev/debian)
mkiv lua stats  > used hash slots: 48430 of 65536 + 200000
mkiv lua stats  > lua properties: engine: lua 5.3, used memory: 166 MB, ctx: 167 MB, max: unknown MB, hash chars: min(64,40), symbol mask: utf (τεχ)
mkiv lua stats  > runtime: 0.751 seconds, 5 processed pages, 5 shipped pages, 6.658 pages/second

