open source     > level 1, order 1, name '/usr/share/texmf/tex/context/base/mkiv/cont-yes.mkiv'
system          > 
system          > ConTeXt  ver: 2021.03.05 19:11 MKIV  fmt: 2022.11.12  int: english/english
system          > 
system          > 'cont-new.mkiv' loaded
open source     > level 2, order 2, name '/usr/share/texmf/tex/context/base/mkiv/cont-new.mkiv'
system          > beware: some patches loaded from cont-new.mkiv
close source    > level 2, order 2, name '/usr/share/texmf/tex/context/base/mkiv/cont-new.mkiv'
system          > files > jobname '012', input './012', result '012'
fonts           > latin modern fonts are not preloaded
languages       > language 'en' is active
open source     > level 2, order 3, name '/home/editorial/LATEX/pesquisa-ConTeXt/012.tex'
fonts           > beware: no fonts are loaded yet, using 'lm mono' in box
open source     > level 3, order 4, name '/usr/share/texmf/tex/context/base/mkiv/page-run.mkiv'
loading         > ConTeXt Page Macros / Runtime Macros
resolvers       > lua > loading file '/usr/share/texmf/tex/context/base/mkiv/page-run.lua' succeeded
close source    > level 3, order 4, name '/usr/share/texmf/tex/context/base/mkiv/page-run.mkiv'
fonts           > preloading latin modern fonts (second stage)
fonts           > 'fallback modern-designsize rm 12pt' is loaded
open source     > level 3, order 5, name '/usr/share/texmf/tex/context/sample/common/knuth.tex'
close source    > level 3, order 5, name '/usr/share/texmf/tex/context/sample/common/knuth.tex'
metapost        > initializing instance 'metafun:1' using format 'metafun' and method 'default'
metapost        > loading 'metafun' as '/usr/share/texmf/metapost/context/base/mpiv/metafun.mpiv' using method 'default'
metapost        > initializing number mode 'scaled'
backend         > xmp > using file '/usr/share/texmf/tex/context/base/mkiv/lpdf-pdx.xml'
pages           > flushing realpage 1, userpage 1, subpage 1
close source    > level 2, order 5, name '/home/editorial/LATEX/pesquisa-ConTeXt/012.tex'
close source    > level 1, order 5, name '/usr/share/texmf/tex/context/base/mkiv/cont-yes.mkiv'

system          > start used files

system          > text: 012

system          > stop used files


system          > start used files

system          >    1: filename=char-prv.lua filetype=tex format=tex foundname=/usr/share/texmf/tex/context/base/mkiv/char-prv.lua fullname=/usr/share/texmf/tex/context/base/mkiv/char-prv.lua usedmethod=database
system          >    2: filename=cont-yes.mkiv filetype=tex foundname=/usr/share/texmf/tex/context/base/mkiv/cont-yes.mkiv fullname=/usr/share/texmf/tex/context/base/mkiv/cont-yes.mkiv usedmethod=database
system          >    3: filename=publ-imp-default.lua filetype=scripts foundname=/usr/share/texmf/tex/context/base/mkiv/publ-imp-default.lua fullname=/usr/share/texmf/tex/context/base/mkiv/publ-imp-default.lua usedmethod=database
system          >    4: filename=cont-new.mkiv filetype=tex foundname=/usr/share/texmf/tex/context/base/mkiv/cont-new.mkiv fullname=/usr/share/texmf/tex/context/base/mkiv/cont-new.mkiv usedmethod=database
system          >    5: filename=lang-exc.lua filetype=scripts foundname=/usr/share/texmf/tex/context/base/mkiv/lang-exc.lua fullname=/usr/share/texmf/tex/context/base/mkiv/lang-exc.lua usedmethod=database
system          >    6: filename=lang-us.lua filetype=scripts foundname=/usr/share/texmf/tex/context/patterns/mkiv/lang-us.lua fullname=/usr/share/texmf/tex/context/patterns/mkiv/lang-us.lua usedmethod=database
system          >    7: filename=/home/editorial/LATEX/pesquisa-ConTeXt/012.tex foundname=/home/editorial/LATEX/pesquisa-ConTeXt/012.tex fullname=/home/editorial/LATEX/pesquisa-ConTeXt/012.tex usedmethod=direct
system          >    8: filename=lmmono10-regular filetype=otf format=otf foundname=/usr/share/texmf/fonts/opentype/public/lm/lmmono10-regular.otf fullname=/usr/share/texmf/fonts/opentype/public/lm/lmmono10-regular.otf usedmethod=database
system          >    9: filename=page-run.mkiv filetype=tex foundname=/usr/share/texmf/tex/context/base/mkiv/page-run.mkiv fullname=/usr/share/texmf/tex/context/base/mkiv/page-run.mkiv usedmethod=database
system          >   10: filename=page-run.lua filetype=tex format=tex foundname=/usr/share/texmf/tex/context/base/mkiv/page-run.lua fullname=/usr/share/texmf/tex/context/base/mkiv/page-run.lua usedmethod=database
system          >   11: filename=lm.lfg filetype=tex foundname=/usr/share/texmf/tex/context/fonts/mkiv/lm.lfg fullname=/usr/share/texmf/tex/context/fonts/mkiv/lm.lfg usedmethod=database
system          >   12: filename=lmroman12-regular filetype=otf format=otf foundname=/usr/share/texmf/fonts/opentype/public/lm/lmroman12-regular.otf fullname=/usr/share/texmf/fonts/opentype/public/lm/lmroman12-regular.otf usedmethod=database
system          >   13: filename=latinmodern-math.otf filetype=opentypefonts foundname=/usr/share/texmf/fonts/opentype/public/lm-math/latinmodern-math.otf fullname=/usr/share/texmf/fonts/opentype/public/lm-math/latinmodern-math.otf usedmethod=database
system          >   14: filename=knuth filetype=tex foundname=/usr/share/texmf/tex/context/sample/common/knuth.tex fullname=/usr/share/texmf/tex/context/sample/common/knuth.tex usedmethod=database
system          >   15: filename=dejavusansmono filetype=ttf format=ttf foundname=/usr/share/texlive/texmf-dist/fonts/truetype/public/dejavu/DejaVuSansMono.ttf fullname=/usr/share/texlive/texmf-dist/fonts/truetype/public/dejavu/DejaVuSansMono.ttf usedmethod=database
system          >   16: filename=metafun.mpiv filetype=mp foundname=/usr/share/texmf/metapost/context/base/mpiv/metafun.mpiv fullname=/usr/share/texmf/metapost/context/base/mpiv/metafun.mpiv usedmethod=database
system          >   17: filename=mp-base.mpiv filetype=mp format=mp foundname=/usr/share/texmf/metapost/context/base/mpiv/mp-base.mpiv fullname=/usr/share/texmf/metapost/context/base/mpiv/mp-base.mpiv usedmethod=database
system          >   18: filename=mp-tool.mpiv filetype=mp format=mp foundname=/usr/share/texmf/metapost/context/base/mpiv/mp-tool.mpiv fullname=/usr/share/texmf/metapost/context/base/mpiv/mp-tool.mpiv usedmethod=database
system          >   19: filename=mp-mlib.mpiv filetype=mp format=mp foundname=/usr/share/texmf/metapost/context/base/mpiv/mp-mlib.mpiv fullname=/usr/share/texmf/metapost/context/base/mpiv/mp-mlib.mpiv usedmethod=database
system          >   20: filename=mp-luas.mpiv filetype=mp format=mp foundname=/usr/share/texmf/metapost/context/base/mpiv/mp-luas.mpiv fullname=/usr/share/texmf/metapost/context/base/mpiv/mp-luas.mpiv usedmethod=database
system          >   21: filename=mp-cont.mpiv filetype=mp format=mp foundname=/usr/share/texmf/metapost/context/base/mpiv/mp-cont.mpiv fullname=/usr/share/texmf/metapost/context/base/mpiv/mp-cont.mpiv usedmethod=database
system          >   22: filename=mp-page.mpiv filetype=mp format=mp foundname=/usr/share/texmf/metapost/context/base/mpiv/mp-page.mpiv fullname=/usr/share/texmf/metapost/context/base/mpiv/mp-page.mpiv usedmethod=database
system          >   23: filename=mp-butt.mpiv filetype=mp format=mp foundname=/usr/share/texmf/metapost/context/base/mpiv/mp-butt.mpiv fullname=/usr/share/texmf/metapost/context/base/mpiv/mp-butt.mpiv usedmethod=database
system          >   24: filename=mp-shap.mpiv filetype=mp format=mp foundname=/usr/share/texmf/metapost/context/base/mpiv/mp-shap.mpiv fullname=/usr/share/texmf/metapost/context/base/mpiv/mp-shap.mpiv usedmethod=database
system          >   25: filename=mp-grph.mpiv filetype=mp format=mp foundname=/usr/share/texmf/metapost/context/base/mpiv/mp-grph.mpiv fullname=/usr/share/texmf/metapost/context/base/mpiv/mp-grph.mpiv usedmethod=database
system          >   26: filename=mp-grid.mpiv filetype=mp format=mp foundname=/usr/share/texmf/metapost/context/base/mpiv/mp-grid.mpiv fullname=/usr/share/texmf/metapost/context/base/mpiv/mp-grid.mpiv usedmethod=database
system          >   27: filename=mp-form.mpiv filetype=mp format=mp foundname=/usr/share/texmf/metapost/context/base/mpiv/mp-form.mpiv fullname=/usr/share/texmf/metapost/context/base/mpiv/mp-form.mpiv usedmethod=database
system          >   28: filename=mp-figs.mpiv filetype=mp format=mp foundname=/usr/share/texmf/metapost/context/base/mpiv/mp-figs.mpiv fullname=/usr/share/texmf/metapost/context/base/mpiv/mp-figs.mpiv usedmethod=database
system          >   29: filename=mp-func.mpiv filetype=mp format=mp foundname=/usr/share/texmf/metapost/context/base/mpiv/mp-func.mpiv fullname=/usr/share/texmf/metapost/context/base/mpiv/mp-func.mpiv usedmethod=database
system          >   30: filename=mp-node.mpiv filetype=mp format=mp foundname=/usr/share/texmf/metapost/context/base/mpiv/mp-node.mpiv fullname=/usr/share/texmf/metapost/context/base/mpiv/mp-node.mpiv usedmethod=database
system          >   31: filename=mp-apos.mpiv filetype=mp format=mp foundname=/usr/share/texmf/metapost/context/base/mpiv/mp-apos.mpiv fullname=/usr/share/texmf/metapost/context/base/mpiv/mp-apos.mpiv usedmethod=database
system          >   32: filename=mp-abck.mpiv filetype=mp format=mp foundname=/usr/share/texmf/metapost/context/base/mpiv/mp-abck.mpiv fullname=/usr/share/texmf/metapost/context/base/mpiv/mp-abck.mpiv usedmethod=database
system          >   33: filename=mp-blob.mpiv filetype=mp format=mp foundname=/usr/share/texmf/metapost/context/base/mpiv/mp-blob.mpiv fullname=/usr/share/texmf/metapost/context/base/mpiv/mp-blob.mpiv usedmethod=database
system          >   34: filename=mp-crop.mpiv filetype=mp format=mp foundname=/usr/share/texmf/metapost/context/base/mpiv/mp-crop.mpiv fullname=/usr/share/texmf/metapost/context/base/mpiv/mp-crop.mpiv usedmethod=database
system          >   35: filename=lpdf-pdx.xml filetype=tex foundname=/usr/share/texmf/tex/context/base/mkiv/lpdf-pdx.xml fullname=/usr/share/texmf/tex/context/base/mkiv/lpdf-pdx.xml usedmethod=database

system          > stop used files


system          > start commandline options

system          > currentrun="2"
system          > fulljobname="./012.tex"
system          > input="./012.tex"
system          > kindofrun="2"
system          > maxnofruns="9"
system          > texmfbinpath="/usr/bin"

system          > stop commandline options


system          > start commandline files

system          >    1: ./012.tex

system          > stop commandline files


modules         > start used modules


modules         > stop used modules


mkiv lua stats  > used config file: /usr/share/texmf/web2c/texmfcnf.lua;/usr/share/texlive/texmf-dist/web2c/texmfcnf.lua
mkiv lua stats  > used cache path: readable: '/var/lib/texmf/luatex-cache/context/b47c3d3cee7cb6c86268d0595268c442' | readable+writable: '/home/editorial/.texlive2021/texmf-var/luatex-cache/context/b47c3d3cee7cb6c86268d0595268c442'
mkiv lua stats  > resource resolver: loadtime 0.115 seconds, 1 scans with scantime 0.000 seconds, 0 shared scans, 35 found files, scanned paths: /home/editorial/texmf
mkiv lua stats  > stored bytecode data: 454 modules (0.279 sec), 96 tables (0.009 sec), 550 chunks (0.288 sec)
mkiv lua stats  > traced context: maxstack: 1422, freed: 2, unreachable: 1420
mkiv lua stats  > cleaned up reserved nodes: 61 nodes, 10 lists of 442
mkiv lua stats  > node memory usage: 11 attribute, 4 attribute_list, 1 glue, 51 glue_spec, 3 kern, 2 penalty, 2 temp, 2 user_defined
mkiv lua stats  > node list callback tasks: 8 unique task lists, 7 instances (re)created, 67 calls
mkiv lua stats  > used backend: pdf (backend for directly generating pdf output)
mkiv lua stats  > jobdata time: 0.001 seconds saving, 0.000 seconds loading
mkiv lua stats  > callbacks: internal: 189, file: 314, direct: 3, late: 0, function 533, total: 1039 (1039 per page)
mkiv lua stats  > randomizer: resumed with value 0.96435065940022
mkiv lua stats  > result saved in file: 012.pdf, compresslevel 3, objectcompresslevel 1
mkiv lua stats  > loaded patterns: en::1, load time: 0.000
mkiv lua stats  > loaded fonts: 4 files: dejavusansmono.ttf, latinmodern-math.otf, lmmono10-regular.otf, lmroman12-regular.otf
mkiv lua stats  > font engine: otf 3.113, afm 1.513, tfm 1.000, 9 instances, 3 shared in backend, 3 common vectors, 0 common hashes, load time 0.178 seconds 
mkiv lua stats  > metapost: 0.001 seconds, loading: 0.012, execution: 0.001, n: 3, average: 0.005, instances: 1, luacalls: 10, memory: 2.744 M
mkiv lua stats  > page group warning: transparencies are used but no pagecolormodel is set
mkiv lua stats  > used platform: linux-64, type: unix, binary subtree: usr
mkiv lua stats  > used engine: luatex version: 1.14, functionality level: 7439, banner: this is luatex, version 1.14.0 (tex live 2022/dev/debian)
mkiv lua stats  > used hash slots: 46676 of 65536 + 200000
mkiv lua stats  > lua properties: engine: lua 5.3, used memory: 158 MB, ctx: 158 MB, max: unknown MB, hash chars: min(64,40), symbol mask: utf (τεχ)
mkiv lua stats  > runtime: 0.519 seconds, 1 processed pages, 1 shipped pages, 1.927 pages/second

