open source     > level 1, order 1, name '/usr/share/texmf/tex/context/base/mkiv/cont-yes.mkiv'
system          > 
system          > ConTeXt  ver: 2021.03.05 19:11 MKIV  fmt: 2022.11.12  int: english/english
system          > 
system          > 'cont-new.mkiv' loaded
open source     > level 2, order 2, name '/usr/share/texmf/tex/context/base/mkiv/cont-new.mkiv'
system          > beware: some patches loaded from cont-new.mkiv
close source    > level 2, order 2, name '/usr/share/texmf/tex/context/base/mkiv/cont-new.mkiv'
system          > files > jobname '012b', input './012b', result '012b'
fonts           > latin modern fonts are not preloaded
languages       > language 'en' is active
open source     > level 2, order 3, name '/home/editorial/LATEX/pesquisa-ConTeXt/012b.tex'
modules         > 'mark' is not found

tex error       > tex error on line 7 in file /home/editorial/LATEX/pesquisa-ConTeXt/012b.tex: ! Undefined control sequence

<recently read> \setupmarks 
            
l.7 \setupmarks
             [sangria][cutspace=1cm]

 1     \usemodule[mark]
 2     
 3     \setuppapersize[width=16cm,height=23cm]
 4     \setuplayout[  backspace=1cm,  topspace=1cm,  width=14cm,  height=21cm,  header=0cm,  footer=0cm,  location=middle,  marking=on,  cutspace=1cm,  cutmark=yes,]
 5     
 6     \definemarking[sangria]
 7 >>  \setupmarks[sangria][cutspace=1cm]
 8     
 9     \setupbackgrounds[page][background={marks,sangria}]
10     
11     \showframe % Mostra as marcas de layout para ajudar a depurar
12     
13     \starttext
14     Seu texto aqui.
15     \stoptext
16     
17     

