open source     > level 1, order 1, name '/usr/share/texmf/tex/context/base/mkiv/cont-yes.mkiv'
system          > 
system          > ConTeXt  ver: 2021.03.05 19:11 MKIV  fmt: 2022.11.12  int: english/english
system          > 
system          > 'cont-new.mkiv' loaded
open source     > level 2, order 2, name '/usr/share/texmf/tex/context/base/mkiv/cont-new.mkiv'
system          > beware: some patches loaded from cont-new.mkiv
close source    > level 2, order 2, name '/usr/share/texmf/tex/context/base/mkiv/cont-new.mkiv'
system          > files > jobname '013', input './013', result '013'
fonts           > latin modern fonts are not preloaded
languages       > language 'en' is active
open source     > level 2, order 3, name '/home/editorial/LATEX/pesquisa-ConTeXt/013.tex'
colors          > 'rgb' color space is supported
colors          > 'cmyk' color space is supported
fonts           > preloading latin modern fonts (second stage)
fonts           > 'fallback modern-designsize rm 12pt' is loaded
backend         > xmp > using file '/usr/share/texmf/tex/context/base/mkiv/lpdf-pdx.xml'
pages           > flushing realpage 1, userpage 1, subpage 1
close source    > level 2, order 3, name '/home/editorial/LATEX/pesquisa-ConTeXt/013.tex'
close source    > level 1, order 3, name '/usr/share/texmf/tex/context/base/mkiv/cont-yes.mkiv'

system          > start used files

system          > text: 013

system          > stop used files


system          > start used files

system          >    1: filename=char-prv.lua filetype=tex format=tex foundname=/usr/share/texmf/tex/context/base/mkiv/char-prv.lua fullname=/usr/share/texmf/tex/context/base/mkiv/char-prv.lua usedmethod=database
system          >    2: filename=cont-yes.mkiv filetype=tex foundname=/usr/share/texmf/tex/context/base/mkiv/cont-yes.mkiv fullname=/usr/share/texmf/tex/context/base/mkiv/cont-yes.mkiv usedmethod=database
system          >    3: filename=publ-imp-default.lua filetype=scripts foundname=/usr/share/texmf/tex/context/base/mkiv/publ-imp-default.lua fullname=/usr/share/texmf/tex/context/base/mkiv/publ-imp-default.lua usedmethod=database
system          >    4: filename=cont-new.mkiv filetype=tex foundname=/usr/share/texmf/tex/context/base/mkiv/cont-new.mkiv fullname=/usr/share/texmf/tex/context/base/mkiv/cont-new.mkiv usedmethod=database
system          >    5: filename=lang-exc.lua filetype=scripts foundname=/usr/share/texmf/tex/context/base/mkiv/lang-exc.lua fullname=/usr/share/texmf/tex/context/base/mkiv/lang-exc.lua usedmethod=database
system          >    6: filename=lang-us.lua filetype=scripts foundname=/usr/share/texmf/tex/context/patterns/mkiv/lang-us.lua fullname=/usr/share/texmf/tex/context/patterns/mkiv/lang-us.lua usedmethod=database
system          >    7: filename=/home/editorial/LATEX/pesquisa-ConTeXt/013.tex foundname=/home/editorial/LATEX/pesquisa-ConTeXt/013.tex fullname=/home/editorial/LATEX/pesquisa-ConTeXt/013.tex usedmethod=direct
system          >    8: filename=lm.lfg filetype=tex foundname=/usr/share/texmf/tex/context/fonts/mkiv/lm.lfg fullname=/usr/share/texmf/tex/context/fonts/mkiv/lm.lfg usedmethod=database
system          >    9: filename=lmroman12-regular filetype=otf format=otf foundname=/usr/share/texmf/fonts/opentype/public/lm/lmroman12-regular.otf fullname=/usr/share/texmf/fonts/opentype/public/lm/lmroman12-regular.otf usedmethod=database
system          >   10: filename=latinmodern-math.otf filetype=opentypefonts foundname=/usr/share/texmf/fonts/opentype/public/lm-math/latinmodern-math.otf fullname=/usr/share/texmf/fonts/opentype/public/lm-math/latinmodern-math.otf usedmethod=database
system          >   11: filename=lmroman12-bold filetype=otf format=otf foundname=/usr/share/texmf/fonts/opentype/public/lm/lmroman12-bold.otf fullname=/usr/share/texmf/fonts/opentype/public/lm/lmroman12-bold.otf usedmethod=database
system          >   12: filename=lmmonolt10-bold filetype=otf format=otf foundname=/usr/share/texmf/fonts/opentype/public/lm/lmmonolt10-bold.otf fullname=/usr/share/texmf/fonts/opentype/public/lm/lmmonolt10-bold.otf usedmethod=database
system          >   13: filename=lpdf-pdx.xml filetype=tex foundname=/usr/share/texmf/tex/context/base/mkiv/lpdf-pdx.xml fullname=/usr/share/texmf/tex/context/base/mkiv/lpdf-pdx.xml usedmethod=database

system          > stop used files


system          > start commandline options

system          > currentrun="1"
system          > fulljobname="./013.tex"
system          > input="./013.tex"
system          > kindofrun="1"
system          > maxnofruns="9"
system          > texmfbinpath="/usr/bin"

system          > stop commandline options


system          > start commandline files

system          >    1: ./013.tex

system          > stop commandline files


modules         > start used modules


modules         > stop used modules


mkiv lua stats  > used config file: /usr/share/texmf/web2c/texmfcnf.lua;/usr/share/texlive/texmf-dist/web2c/texmfcnf.lua
mkiv lua stats  > used cache path: readable: '/var/lib/texmf/luatex-cache/context/b47c3d3cee7cb6c86268d0595268c442' | readable+writable: '/home/editorial/.texlive2021/texmf-var/luatex-cache/context/b47c3d3cee7cb6c86268d0595268c442'
mkiv lua stats  > resource resolver: loadtime 0.116 seconds, 1 scans with scantime 0.000 seconds, 0 shared scans, 13 found files, scanned paths: /home/editorial/texmf
mkiv lua stats  > stored bytecode data: 454 modules (0.280 sec), 96 tables (0.009 sec), 550 chunks (0.289 sec)
mkiv lua stats  > traced context: maxstack: 1420, freed: 0, unreachable: 1420
mkiv lua stats  > cleaned up reserved nodes: 60 nodes, 9 lists of 442
mkiv lua stats  > node memory usage: 11 attribute, 4 attribute_list, 1 glue, 51 glue_spec, 3 kern, 2 penalty, 2 temp, 2 user_defined
mkiv lua stats  > node list callback tasks: 8 unique task lists, 7 instances (re)created, 44 calls
mkiv lua stats  > used backend: pdf (backend for directly generating pdf output)
mkiv lua stats  > jobdata time: 0.000 seconds saving, 0.000 seconds loading
mkiv lua stats  > callbacks: internal: 144, file: 84, direct: 2, late: 2, function 529, total: 761 (761 per page)
mkiv lua stats  > randomizer: resumed with value 0.35927647678182
mkiv lua stats  > result saved in file: 013.pdf, compresslevel 3, objectcompresslevel 1
mkiv lua stats  > loaded patterns: en::1, load time: 0.000
mkiv lua stats  > interactive elements: 2 references, 0 destinations
mkiv lua stats  > loaded fonts: 4 files: latinmodern-math.otf, lmmonolt10-bold.otf, lmroman12-bold.otf, lmroman12-regular.otf
mkiv lua stats  > font engine: otf 3.113, afm 1.513, tfm 1.000, 9 instances, 3 shared in backend, 3 common vectors, 0 common hashes, load time 0.137 seconds 
mkiv lua stats  > pdf annotations: 2 links (2 unique), 0 special
mkiv lua stats  > used platform: linux-64, type: unix, binary subtree: usr
mkiv lua stats  > used engine: luatex version: 1.14, functionality level: 7439, banner: this is luatex, version 1.14.0 (tex live 2022/dev/debian)
mkiv lua stats  > used hash slots: 46500 of 65536 + 200000
mkiv lua stats  > lua properties: engine: lua 5.3, used memory: 147 MB, ctx: 147 MB, max: unknown MB, hash chars: min(64,40), symbol mask: utf (τεχ)
mkiv lua stats  > runtime: 0.475 seconds, 1 processed pages, 1 shipped pages, 2.105 pages/second

