open source     > level 1, order 1, name '/usr/share/texmf/tex/context/base/mkiv/cont-yes.mkiv'
system          > 
system          > ConTeXt  ver: 2021.03.05 19:11 MKIV  fmt: 2022.11.12  int: english/english
system          > 
system          > 'cont-new.mkiv' loaded
open source     > level 2, order 2, name '/usr/share/texmf/tex/context/base/mkiv/cont-new.mkiv'
system          > beware: some patches loaded from cont-new.mkiv
close source    > level 2, order 2, name '/usr/share/texmf/tex/context/base/mkiv/cont-new.mkiv'
system          > files > jobname '014', input './014', result '014'
fonts           > latin modern fonts are not preloaded
languages       > language 'en' is active
open source     > level 2, order 3, name '/home/editorial/LATEX/pesquisa-ConTeXt/014.tex'
modules         > 'register' is not found
fonts           > preloading latin modern fonts (second stage)
fonts           > 'fallback modern-designsize rm 12pt' is loaded
structure       > sectioning > title @ level 2 : 0.0 -> \headtext {content}
backend         > xmp > using file '/usr/share/texmf/tex/context/base/mkiv/lpdf-pdx.xml'
pages           > flushing realpage 1, userpage 1, subpage 1
structure       > sectioning > chapter @ level 2 : 0.1 -> Mussum ipsum
pages           > flushing realpage 2, userpage 2, subpage 2
structure       > sectioning > chapter @ level 2 : 0.2 -> Agora sim
pages           > flushing realpage 3, userpage 3, subpage 3
structure       > sectioning > chapter @ level 2 : 0.3 -> Non plus ultra
pages           > flushing realpage 4, userpage 4, subpage 4
close source    > level 2, order 3, name '/home/editorial/LATEX/pesquisa-ConTeXt/014.tex'
close source    > level 1, order 3, name '/usr/share/texmf/tex/context/base/mkiv/cont-yes.mkiv'

system          > start used files

system          > text: 014

system          > stop used files


system          > start used files

system          >    1: filename=char-prv.lua filetype=tex format=tex foundname=/usr/share/texmf/tex/context/base/mkiv/char-prv.lua fullname=/usr/share/texmf/tex/context/base/mkiv/char-prv.lua usedmethod=database
system          >    2: filename=cont-yes.mkiv filetype=tex foundname=/usr/share/texmf/tex/context/base/mkiv/cont-yes.mkiv fullname=/usr/share/texmf/tex/context/base/mkiv/cont-yes.mkiv usedmethod=database
system          >    3: filename=publ-imp-default.lua filetype=lua foundname=/usr/share/texmf/tex/context/base/mkiv/publ-imp-default.lua fullname=/usr/share/texmf/tex/context/base/mkiv/publ-imp-default.lua usedmethod=database
system          >    4: filename=cont-new.mkiv filetype=tex foundname=/usr/share/texmf/tex/context/base/mkiv/cont-new.mkiv fullname=/usr/share/texmf/tex/context/base/mkiv/cont-new.mkiv usedmethod=database
system          >    5: filename=lang-exc.lua filetype=lua foundname=/usr/share/texmf/tex/context/base/mkiv/lang-exc.lua fullname=/usr/share/texmf/tex/context/base/mkiv/lang-exc.lua usedmethod=database
system          >    6: filename=lang-us.lua filetype=lua foundname=/usr/share/texmf/tex/context/patterns/mkiv/lang-us.lua fullname=/usr/share/texmf/tex/context/patterns/mkiv/lang-us.lua usedmethod=database
system          >    7: filename=/home/editorial/LATEX/pesquisa-ConTeXt/014.tex foundname=/home/editorial/LATEX/pesquisa-ConTeXt/014.tex fullname=/home/editorial/LATEX/pesquisa-ConTeXt/014.tex usedmethod=direct
system          >    8: filename=lm.lfg filetype=tex foundname=/usr/share/texmf/tex/context/fonts/mkiv/lm.lfg fullname=/usr/share/texmf/tex/context/fonts/mkiv/lm.lfg usedmethod=database
system          >    9: filename=lmroman12-regular filetype=otf format=otf foundname=/usr/share/texmf/fonts/opentype/public/lm/lmroman12-regular.otf fullname=/usr/share/texmf/fonts/opentype/public/lm/lmroman12-regular.otf usedmethod=database
system          >   10: filename=latinmodern-math.otf filetype=opentypefonts foundname=/usr/share/texmf/fonts/opentype/public/lm-math/latinmodern-math.otf fullname=/usr/share/texmf/fonts/opentype/public/lm-math/latinmodern-math.otf usedmethod=database
system          >   11: filename=lmroman10-regular filetype=otf format=otf foundname=/usr/share/texmf/fonts/opentype/public/lm/lmroman10-regular.otf fullname=/usr/share/texmf/fonts/opentype/public/lm/lmroman10-regular.otf usedmethod=database
system          >   12: filename=lpdf-pdx.xml filetype=tex foundname=/usr/share/texmf/tex/context/base/mkiv/lpdf-pdx.xml fullname=/usr/share/texmf/tex/context/base/mkiv/lpdf-pdx.xml usedmethod=database
system          >   13: filename=lmroman12-bold filetype=otf format=otf foundname=/usr/share/texmf/fonts/opentype/public/lm/lmroman12-bold.otf fullname=/usr/share/texmf/fonts/opentype/public/lm/lmroman12-bold.otf usedmethod=database
system          >   14: filename=lmromanslant12-regular filetype=otf format=otf foundname=/usr/share/texmf/fonts/opentype/public/lm/lmromanslant12-regular.otf fullname=/usr/share/texmf/fonts/opentype/public/lm/lmromanslant12-regular.otf usedmethod=database

system          > stop used files


system          > start commandline options

system          > currentrun="1"
system          > fulljobname="./014.tex"
system          > input="./014.tex"
system          > kindofrun="1"
system          > maxnofruns="9"
system          > texmfbinpath="/usr/bin"

system          > stop commandline options


system          > start commandline files

system          >    1: ./014.tex

system          > stop commandline files


modules         > start used modules

modules         > missing: *-register

modules         > stop used modules


mkiv lua stats  > used config file: /usr/share/texmf/web2c/texmfcnf.lua;/usr/share/texlive/texmf-dist/web2c/texmfcnf.lua
mkiv lua stats  > used cache path: readable: '/var/lib/texmf/luatex-cache/context/b47c3d3cee7cb6c86268d0595268c442' | readable+writable: '/home/editorial/.texlive2021/texmf-var/luatex-cache/context/b47c3d3cee7cb6c86268d0595268c442'
mkiv lua stats  > resource resolver: loadtime 0.125 seconds, 1 scans with scantime 0.000 seconds, 0 shared scans, 14 found files, scanned paths: /home/editorial/texmf
mkiv lua stats  > stored bytecode data: 454 modules (0.290 sec), 96 tables (0.009 sec), 550 chunks (0.299 sec)
mkiv lua stats  > traced context: maxstack: 1435, freed: 15, unreachable: 1420
mkiv lua stats  > cleaned up reserved nodes: 57 nodes, 9 lists of 442
mkiv lua stats  > node memory usage: 14 attribute, 4 attribute_list, 1 glue, 51 glue_spec, 3 kern, 2 penalty, 2 temp, 2 user_defined
mkiv lua stats  > node list callback tasks: 8 unique task lists, 7 instances (re)created, 373 calls
mkiv lua stats  > used backend: pdf (backend for directly generating pdf output)
mkiv lua stats  > jobdata time: 0.001 seconds saving, 0.001 seconds loading
mkiv lua stats  > callbacks: internal: 860, file: 115, direct: 2, late: 33, function 714, total: 1724 (431 per page)
mkiv lua stats  > randomizer: resumed with value 0.99821269279346
mkiv lua stats  > positions: 8 collected, 8 regular, 0 special
mkiv lua stats  > loaded tex modules: 1 requested, all missing (*-register)
mkiv lua stats  > result saved in file: 014.pdf, compresslevel 3, objectcompresslevel 1
mkiv lua stats  > loaded patterns: en::1, load time: 0.000
mkiv lua stats  > interactive elements: 0 references, 10 destinations
mkiv lua stats  > loaded fonts: 5 files: latinmodern-math.otf, lmroman10-regular.otf, lmroman12-bold.otf, lmroman12-regular.otf, lmromanslant12-regular.otf
mkiv lua stats  > font engine: otf 3.113, afm 1.513, tfm 1.000, 10 instances, 3 shared in backend, 3 common vectors, 0 common hashes, load time 0.152 seconds 
mkiv lua stats  > used platform: linux-64, type: unix, binary subtree: usr
mkiv lua stats  > used engine: luatex version: 1.14, functionality level: 7439, banner: this is luatex, version 1.14.0 (tex live 2022/dev/debian)
mkiv lua stats  > used hash slots: 46535 of 65536 + 200000
mkiv lua stats  > lua properties: engine: lua 5.3, used memory: 151 MB, ctx: 151 MB, max: unknown MB, hash chars: min(64,40), symbol mask: utf (τεχ)
mkiv lua stats  > runtime: 0.570 seconds, 4 processed pages, 4 shipped pages, 7.018 pages/second

