open source     > level 1, order 1, name '/usr/share/texlive/texmf-dist/tex/latex/tools/x.tex'
system          > 
system          > ConTeXt  ver: 2021.03.05 19:11 MKIV  fmt: 2022.11.12  int: english/english
system          > 
system          > 'cont-new.mkiv' loaded
open source     > level 2, order 2, name '/usr/share/texmf/tex/context/base/mkiv/cont-new.mkiv'
system          > beware: some patches loaded from cont-new.mkiv
close source    > level 2, order 2, name '/usr/share/texmf/tex/context/base/mkiv/cont-new.mkiv'
system          > files > jobname 'epub', input './epub', result 'epub'
fonts           > latin modern fonts are not preloaded
languages       > language 'en' is active


tex error       > tex error on line 38 in file /usr/share/texlive/texmf-dist/tex/latex/tools/x.tex: ! 

l.38   \batchmode \errmessage{}
                             \csname @@end\endcsname \end

28     %% and version 1.3c or later is part of all distributions of LaTeX
29     %% version 2005/12/01 or later.
30     %% 
31     %% This file may only be distributed together with a copy of the LaTeX
32     %% `Tools Bundle'. You may however distribute the LaTeX `Tools Bundle'
33     %% without such generated files.
34     %% 
35     %% The list of all files belonging to the LaTeX `Tools Bundle' is
36     %% given in the file `manifest.txt'.
37     %% 
38 >>    \batchmode \errmessage{}\csname @@end\endcsname \end
39     \endinput
40     %%
41     %% End of file `x.tex'.
42     

