open source     > level 1, order 1, name '/usr/share/texmf/tex/context/base/mkiv/cont-yes.mkiv'
system          > 
system          > ConTeXt  ver: 2021.03.05 19:11 MKIV  fmt: 2022.11.12  int: english/english
system          > 
system          > 'cont-new.mkiv' loaded
open source     > level 2, order 2, name '/usr/share/texmf/tex/context/base/mkiv/cont-new.mkiv'
system          > beware: some patches loaded from cont-new.mkiv
close source    > level 2, order 2, name '/usr/share/texmf/tex/context/base/mkiv/cont-new.mkiv'
system          > files > jobname 'estilo', input './estilo', result 'estilo'
fonts           > latin modern fonts are not preloaded
languages       > language 'en' is active
open source     > level 2, order 3, name '/home/editorial/LATEX/pesquisa-ConTeXt/estilo.tex'

tex error       > tex error on line 1 in file /home/editorial/LATEX/pesquisa-ConTeXt/estilo.tex: ! Undefined control sequence

l.1 \definestructurehead
                      [myheader][section][

 1 >>  \definestructurehead[myheader][section][
 2       before={\blank[big]},
 3       after={\blank[medium]},
 4       style=\bfc, % Estilo de fonte para o cabeçalho
 5     ]
 6     
 7     \setuphead[myheader][
 8       number=no, % Não exibir número de seção
 9     ]
10     
11     \starttext

