open source     > level 1, order 1, name '/usr/share/texmf/tex/context/base/mkiv/cont-yes.mkiv'
system          > 
system          > ConTeXt  ver: 2021.03.05 19:11 MKIV  fmt: 2022.11.12  int: english/english
system          > 
system          > 'cont-new.mkiv' loaded
open source     > level 2, order 2, name '/usr/share/texmf/tex/context/base/mkiv/cont-new.mkiv'
system          > beware: some patches loaded from cont-new.mkiv
close source    > level 2, order 2, name '/usr/share/texmf/tex/context/base/mkiv/cont-new.mkiv'
system          > files > jobname 'example01', input './example01', result 'example01'
fonts           > latin modern fonts are not preloaded
languages       > language 'en' is active
open source     > level 2, order 3, name '/home/editorial/LATEX/pesquisa-ConTeXt/example01.tex'
modules         > 'chart' is loaded
interface       > macros > processed mkvi file '/usr/share/texmf/tex/context/modules/mkiv/m-chart.mkvi', delta 282
interface       > macros > processed mkvi file '/usr/share/texmf/tex/context/modules/mkiv/m-chart.mkvi', delta 0
open source     > level 3, order 4, name '/usr/share/texmf/tex/context/modules/mkiv/m-chart.mkvi'
resolvers       > lua > loading file '/usr/share/texmf/tex/context/modules/mkiv/m-chart.lua' succeeded
close source    > level 3, order 4, name '/usr/share/texmf/tex/context/modules/mkiv/m-chart.mkvi'
open source     > level 3, order 5, name '/usr/share/texmf/tex/context/base/mkiv/symb-imp-fontawesome.mkiv'
close source    > level 3, order 5, name '/usr/share/texmf/tex/context/base/mkiv/symb-imp-fontawesome.mkiv'
fonts           > symbols > library 'fontawesome' loaded
modules         > using user prefixed file 'symb-imp-fontawesome'
modules         > 'symb-imp-fontawesome' is loaded
metapost        > initializing instance 'metafun:1' using format 'metafun' and method 'default'
metapost        > loading 'metafun' as '/usr/share/texmf/metapost/context/base/mpiv/metafun.mpiv' using method 'default'
metapost        > initializing number mode 'scaled'
structure       > sectioning > subject @ level 3 : 0.0.0 -> ANTÉCÉDENTS - FDR
structure       > sectioning > subject @ level 3 : 0.0.0 -> Dispositions complémentaires
backend         > xmp > using file '/usr/share/texmf/tex/context/base/mkiv/lpdf-pdx.xml'
pages           > flushing realpage 1, userpage 1, subpage 1
pages           > flushing realpage 2, userpage 2, subpage 2
close source    > level 2, order 5, name '/home/editorial/LATEX/pesquisa-ConTeXt/example01.tex'
close source    > level 1, order 5, name '/usr/share/texmf/tex/context/base/mkiv/cont-yes.mkiv'

system          > start used files

system          > text: example01

system          > stop used files


system          > start used files

system          >    1: filename=char-prv.lua filetype=tex format=tex foundname=/usr/share/texmf/tex/context/base/mkiv/char-prv.lua fullname=/usr/share/texmf/tex/context/base/mkiv/char-prv.lua usedmethod=database
system          >    2: filename=cont-yes.mkiv filetype=tex foundname=/usr/share/texmf/tex/context/base/mkiv/cont-yes.mkiv fullname=/usr/share/texmf/tex/context/base/mkiv/cont-yes.mkiv usedmethod=database
system          >    3: filename=publ-imp-default.lua filetype=scripts foundname=/usr/share/texmf/tex/context/base/mkiv/publ-imp-default.lua fullname=/usr/share/texmf/tex/context/base/mkiv/publ-imp-default.lua usedmethod=database
system          >    4: filename=cont-new.mkiv filetype=tex foundname=/usr/share/texmf/tex/context/base/mkiv/cont-new.mkiv fullname=/usr/share/texmf/tex/context/base/mkiv/cont-new.mkiv usedmethod=database
system          >    5: filename=lang-exc.lua filetype=scripts foundname=/usr/share/texmf/tex/context/base/mkiv/lang-exc.lua fullname=/usr/share/texmf/tex/context/base/mkiv/lang-exc.lua usedmethod=database
system          >    6: filename=lang-us.lua filetype=scripts foundname=/usr/share/texmf/tex/context/patterns/mkiv/lang-us.lua fullname=/usr/share/texmf/tex/context/patterns/mkiv/lang-us.lua usedmethod=database
system          >    7: filename=/home/editorial/LATEX/pesquisa-ConTeXt/example01.tex foundname=/home/editorial/LATEX/pesquisa-ConTeXt/example01.tex fullname=/home/editorial/LATEX/pesquisa-ConTeXt/example01.tex usedmethod=direct
system          >    8: filename=lang-fr.lua filetype=scripts foundname=/usr/share/texmf/tex/context/patterns/mkiv/lang-fr.lua fullname=/usr/share/texmf/tex/context/patterns/mkiv/lang-fr.lua usedmethod=database
system          >    9: filename=m-chart.mkvi filetype=tex foundname=/usr/share/texmf/tex/context/modules/mkiv/m-chart.mkvi fullname=/usr/share/texmf/tex/context/modules/mkiv/m-chart.mkvi usedmethod=database
system          >   10: filename=m-chart.lua filetype=tex format=tex foundname=/usr/share/texmf/tex/context/modules/mkiv/m-chart.lua fullname=/usr/share/texmf/tex/context/modules/mkiv/m-chart.lua usedmethod=database
system          >   11: filename=symb-imp-fontawesome.mkiv filetype=tex foundname=/usr/share/texmf/tex/context/base/mkiv/symb-imp-fontawesome.mkiv fullname=/usr/share/texmf/tex/context/base/mkiv/symb-imp-fontawesome.mkiv usedmethod=database
system          >   12: filename=texgyre.lfg filetype=tex foundname=/usr/share/texmf/tex/context/fonts/mkiv/texgyre.lfg fullname=/usr/share/texmf/tex/context/fonts/mkiv/texgyre.lfg usedmethod=database
system          >   13: filename=Merriweather-Regular.otf filetype=otf format=otf foundname=/usr/share/texlive/texmf-dist/fonts/opentype/sorkin/merriweather/Merriweather-Regular.otf fullname=/usr/share/texlive/texmf-dist/fonts/opentype/sorkin/merriweather/Merriweather-Regular.otf usedmethod=database
system          >   14: filename=texgyrepagella-math.otf filetype=otf format=otf foundname=/usr/share/texmf/fonts/opentype/public/tex-gyre-math/texgyrepagella-math.otf fullname=/usr/share/texmf/fonts/opentype/public/tex-gyre-math/texgyrepagella-math.otf usedmethod=database
system          >   15: filename=MerriweatherSans-Regular.otf filetype=otf format=otf foundname=/usr/share/texlive/texmf-dist/fonts/opentype/sorkin/merriweather/MerriweatherSans-Regular.otf fullname=/usr/share/texlive/texmf-dist/fonts/opentype/sorkin/merriweather/MerriweatherSans-Regular.otf usedmethod=database
system          >   16: filename=MerriweatherSans-Bold.otf filetype=otf format=otf foundname=/usr/share/texlive/texmf-dist/fonts/opentype/sorkin/merriweather/MerriweatherSans-Bold.otf fullname=/usr/share/texlive/texmf-dist/fonts/opentype/sorkin/merriweather/MerriweatherSans-Bold.otf usedmethod=database
system          >   17: filename=metafun.mpiv filetype=mp foundname=/usr/share/texmf/metapost/context/base/mpiv/metafun.mpiv fullname=/usr/share/texmf/metapost/context/base/mpiv/metafun.mpiv usedmethod=database
system          >   18: filename=mp-base.mpiv filetype=mp format=mp foundname=/usr/share/texmf/metapost/context/base/mpiv/mp-base.mpiv fullname=/usr/share/texmf/metapost/context/base/mpiv/mp-base.mpiv usedmethod=database
system          >   19: filename=mp-tool.mpiv filetype=mp format=mp foundname=/usr/share/texmf/metapost/context/base/mpiv/mp-tool.mpiv fullname=/usr/share/texmf/metapost/context/base/mpiv/mp-tool.mpiv usedmethod=database
system          >   20: filename=mp-mlib.mpiv filetype=mp format=mp foundname=/usr/share/texmf/metapost/context/base/mpiv/mp-mlib.mpiv fullname=/usr/share/texmf/metapost/context/base/mpiv/mp-mlib.mpiv usedmethod=database
system          >   21: filename=mp-luas.mpiv filetype=mp format=mp foundname=/usr/share/texmf/metapost/context/base/mpiv/mp-luas.mpiv fullname=/usr/share/texmf/metapost/context/base/mpiv/mp-luas.mpiv usedmethod=database
system          >   22: filename=mp-cont.mpiv filetype=mp format=mp foundname=/usr/share/texmf/metapost/context/base/mpiv/mp-cont.mpiv fullname=/usr/share/texmf/metapost/context/base/mpiv/mp-cont.mpiv usedmethod=database
system          >   23: filename=mp-page.mpiv filetype=mp format=mp foundname=/usr/share/texmf/metapost/context/base/mpiv/mp-page.mpiv fullname=/usr/share/texmf/metapost/context/base/mpiv/mp-page.mpiv usedmethod=database
system          >   24: filename=mp-butt.mpiv filetype=mp format=mp foundname=/usr/share/texmf/metapost/context/base/mpiv/mp-butt.mpiv fullname=/usr/share/texmf/metapost/context/base/mpiv/mp-butt.mpiv usedmethod=database
system          >   25: filename=mp-shap.mpiv filetype=mp format=mp foundname=/usr/share/texmf/metapost/context/base/mpiv/mp-shap.mpiv fullname=/usr/share/texmf/metapost/context/base/mpiv/mp-shap.mpiv usedmethod=database
system          >   26: filename=mp-grph.mpiv filetype=mp format=mp foundname=/usr/share/texmf/metapost/context/base/mpiv/mp-grph.mpiv fullname=/usr/share/texmf/metapost/context/base/mpiv/mp-grph.mpiv usedmethod=database
system          >   27: filename=mp-grid.mpiv filetype=mp format=mp foundname=/usr/share/texmf/metapost/context/base/mpiv/mp-grid.mpiv fullname=/usr/share/texmf/metapost/context/base/mpiv/mp-grid.mpiv usedmethod=database
system          >   28: filename=mp-form.mpiv filetype=mp format=mp foundname=/usr/share/texmf/metapost/context/base/mpiv/mp-form.mpiv fullname=/usr/share/texmf/metapost/context/base/mpiv/mp-form.mpiv usedmethod=database
system          >   29: filename=mp-figs.mpiv filetype=mp format=mp foundname=/usr/share/texmf/metapost/context/base/mpiv/mp-figs.mpiv fullname=/usr/share/texmf/metapost/context/base/mpiv/mp-figs.mpiv usedmethod=database
system          >   30: filename=mp-func.mpiv filetype=mp format=mp foundname=/usr/share/texmf/metapost/context/base/mpiv/mp-func.mpiv fullname=/usr/share/texmf/metapost/context/base/mpiv/mp-func.mpiv usedmethod=database
system          >   31: filename=mp-node.mpiv filetype=mp format=mp foundname=/usr/share/texmf/metapost/context/base/mpiv/mp-node.mpiv fullname=/usr/share/texmf/metapost/context/base/mpiv/mp-node.mpiv usedmethod=database
system          >   32: filename=mp-apos.mpiv filetype=mp format=mp foundname=/usr/share/texmf/metapost/context/base/mpiv/mp-apos.mpiv fullname=/usr/share/texmf/metapost/context/base/mpiv/mp-apos.mpiv usedmethod=database
system          >   33: filename=mp-abck.mpiv filetype=mp format=mp foundname=/usr/share/texmf/metapost/context/base/mpiv/mp-abck.mpiv fullname=/usr/share/texmf/metapost/context/base/mpiv/mp-abck.mpiv usedmethod=database
system          >   34: filename=mp-blob.mpiv filetype=mp format=mp foundname=/usr/share/texmf/metapost/context/base/mpiv/mp-blob.mpiv fullname=/usr/share/texmf/metapost/context/base/mpiv/mp-blob.mpiv usedmethod=database
system          >   35: filename=Merriweather-Bold.otf filetype=otf format=otf foundname=/usr/share/texlive/texmf-dist/fonts/opentype/sorkin/merriweather/Merriweather-Bold.otf fullname=/usr/share/texlive/texmf-dist/fonts/opentype/sorkin/merriweather/Merriweather-Bold.otf usedmethod=database
system          >   36: filename=lpdf-pdx.xml filetype=tex foundname=/usr/share/texmf/tex/context/base/mkiv/lpdf-pdx.xml fullname=/usr/share/texmf/tex/context/base/mkiv/lpdf-pdx.xml usedmethod=database

system          > stop used files


system          > start commandline options

system          > currentrun="3"
system          > fulljobname="./example01.tex"
system          > input="./example01.tex"
system          > kindofrun="2"
system          > maxnofruns="9"
system          > texmfbinpath="/usr/bin"

system          > stop commandline options


system          > start commandline files

system          >    1: ./example01.tex

system          > stop commandline files


modules         > start used modules

modules         > loaded : *-chart
modules         > loaded : *-symb-imp-fontawesome

modules         > stop used modules


mkiv lua stats  > used config file: /usr/share/texmf/web2c/texmfcnf.lua;/usr/share/texlive/texmf-dist/web2c/texmfcnf.lua
mkiv lua stats  > used cache path: readable: '/var/lib/texmf/luatex-cache/context/b47c3d3cee7cb6c86268d0595268c442' | readable+writable: '/home/editorial/.texlive2021/texmf-var/luatex-cache/context/b47c3d3cee7cb6c86268d0595268c442'
mkiv lua stats  > resource resolver: loadtime 0.117 seconds, 1 scans with scantime 0.000 seconds, 0 shared scans, 36 found files, scanned paths: /home/editorial/texmf
mkiv lua stats  > stored bytecode data: 454 modules (0.281 sec), 96 tables (0.009 sec), 550 chunks (0.290 sec)
mkiv lua stats  > traced context: maxstack: 1443, freed: 2, unreachable: 1441
mkiv lua stats  > cleaned up reserved nodes: 64 nodes, 9 lists of 442
mkiv lua stats  > node memory usage: 14 attribute, 4 attribute_list, 1 glue, 51 glue_spec, 3 kern, 2 penalty, 2 temp, 2 user_defined
mkiv lua stats  > node list callback tasks: 8 unique task lists, 8 instances (re)created, 223 calls
mkiv lua stats  > used backend: pdf (backend for directly generating pdf output)
mkiv lua stats  > jobdata time: 0.001 seconds saving, 0.000 seconds loading
mkiv lua stats  > callbacks: internal: 628, file: 1469, direct: 4, late: 22, function 944, total: 3067 (1534 per page)
mkiv lua stats  > randomizer: resumed with value 0.32365121785551
mkiv lua stats  > positions: 13 collected, 13 regular, 0 special
mkiv lua stats  > loaded tex modules: 2 requested, all found (*-chart *-symb-imp-fontawesome)
mkiv lua stats  > result saved in file: example01.pdf, compresslevel 3, objectcompresslevel 1
mkiv lua stats  > loaded patterns: en::1 fr::59, load time: 0.000
mkiv lua stats  > loaded fonts: 5 files: merriweather-bold.otf, merriweather-regular.otf, merriweathersans-bold.otf, merriweathersans-regular.otf, texgyrepagella-math.otf
mkiv lua stats  > font engine: otf 3.113, afm 1.513, tfm 1.000, 17 instances, 10 shared in backend, 1 common vectors, 9 common hashes, load time 0.150 seconds 
mkiv lua stats  > metapost: 0.002 seconds, loading: 0.012, execution: 0.001, n: 10, average: 0.001, instances: 1, luacalls: 56, memory: 2.598 M
mkiv lua stats  > used platform: linux-64, type: unix, binary subtree: usr
mkiv lua stats  > used engine: luatex version: 1.14, functionality level: 7439, banner: this is luatex, version 1.14.0 (tex live 2022/dev/debian)
mkiv lua stats  > used hash slots: 47314 of 65536 + 200000
mkiv lua stats  > lua properties: engine: lua 5.3, used memory: 165 MB, ctx: 165 MB, max: unknown MB, hash chars: min(64,40), symbol mask: utf (τεχ)
mkiv lua stats  > runtime: 0.599 seconds, 2 processed pages, 2 shipped pages, 3.339 pages/second

