open source     > level 1, order 1, name '/usr/share/texmf/tex/context/base/mkiv/cont-yes.mkiv'
system          > 
system          > ConTeXt  ver: 2021.03.05 19:11 MKIV  fmt: 2022.11.12  int: english/english
system          > 
system          > 'cont-new.mkiv' loaded
open source     > level 2, order 2, name '/usr/share/texmf/tex/context/base/mkiv/cont-new.mkiv'
system          > beware: some patches loaded from cont-new.mkiv
close source    > level 2, order 2, name '/usr/share/texmf/tex/context/base/mkiv/cont-new.mkiv'
system          > files > jobname 'example02', input './example02', result 'example02'
fonts           > latin modern fonts are not preloaded
languages       > language 'en' is active
open source     > level 2, order 3, name '/home/editorial/LATEX/pesquisa-ConTeXt/example02.tex'
open source     > level 3, order 4, name '/usr/share/texmf/tex/context/base/mkiv/symb-imp-fontawesome.mkiv'
close source    > level 3, order 4, name '/usr/share/texmf/tex/context/base/mkiv/symb-imp-fontawesome.mkiv'
fonts           > symbols > library 'fontawesome' loaded
fonts           > typescripts > unknown library 'mothanna'
metapost        > initializing instance 'metafun:1' using format 'metafun' and method 'default'
metapost        > loading 'metafun' as '/usr/share/texmf/metapost/context/base/mpiv/metafun.mpiv' using method 'default'
metapost        > initializing number mode 'scaled'
structure       > sectioning > subject @ level 3 : 0.0.0 -> ANTÉCÉDENTS - FDR
structure       > sectioning > subject @ level 3 : 0.0.0 -> Dispositions complémentaires
fonts           > defining > font with asked name 'mothanna' is not found using lookup 'file'
fonts           > defining > unknown font 'mothanna', loading aborted
fonts           > defining > unable to define 'mothanna' as 'mothanna-10pt-rm-tf-0--0'
fonts           > defining > font with asked name 'mothanna' is not found using lookup 'file'
fonts           > defining > unknown font 'mothanna', loading aborted
fonts           > defining > unable to define 'mothanna' as 'mothanna-10pt-rm-tf-0--0'
fonts           > defining > font with asked name 'mothanna' is not found using lookup 'file'
fonts           > defining > unknown font 'mothanna', loading aborted
fonts           > defining > unable to define 'mothanna' as 'mothanna-10pt-rm-tf-0--0'
fonts           > defining > font with asked name 'mothanna' is not found using lookup 'file'
fonts           > defining > unknown font 'mothanna', loading aborted
fonts           > defining > unable to define 'mothanna' as 'mothanna-10pt-rm-tf-0--0'
fonts           > checking > char ا (U+00627) in font 'Merriweather Regular' with id 1: missing
fonts           > checking > char ل (U+00644) in font 'Merriweather Regular' with id 1: missing
fonts           > checking > char ع (U+00639) in font 'Merriweather Regular' with id 1: missing
fonts           > checking > char ي (U+0064A) in font 'Merriweather Regular' with id 1: missing
fonts           > checking > char د (U+0062F) in font 'Merriweather Regular' with id 1: missing
fonts           > checking > char ة (U+00629) in font 'Merriweather Regular' with id 1: missing
fonts           > checking > char ط (U+00637) in font 'Merriweather Regular' with id 1: missing
fonts           > checking > char ب (U+00628) in font 'Merriweather Regular' with id 1: missing
fonts           > checking > char ج (U+0062C) in font 'Merriweather Regular' with id 1: missing
fonts           > checking > char ر (U+00631) in font 'Merriweather Regular' with id 1: missing
fonts           > checking > char ح (U+0062D) in font 'Merriweather Regular' with id 1: missing
fonts           > checking > char أ (U+00623) in font 'Merriweather Regular' with id 1: missing
fonts           > checking > char م (U+00645) in font 'Merriweather Regular' with id 1: missing
fonts           > checking > char ص (U+00635) in font 'Merriweather Regular' with id 1: missing
fonts           > checking > char ض (U+00636) in font 'Merriweather Regular' with id 1: missing
fonts           > checking > char ق (U+00642) in font 'Merriweather Regular' with id 1: missing
backend         > xmp > using file '/usr/share/texmf/tex/context/base/mkiv/lpdf-pdx.xml'
pages           > flushing realpage 1, userpage 1, subpage 1
pages           > flushing realpage 2, userpage 2, subpage 2
close source    > level 2, order 4, name '/home/editorial/LATEX/pesquisa-ConTeXt/example02.tex'
close source    > level 1, order 4, name '/usr/share/texmf/tex/context/base/mkiv/cont-yes.mkiv'

system          > start used files

system          > text: example02

system          > stop used files


system          > start used files

system          >    1: filename=char-prv.lua filetype=tex format=tex foundname=/usr/share/texmf/tex/context/base/mkiv/char-prv.lua fullname=/usr/share/texmf/tex/context/base/mkiv/char-prv.lua usedmethod=database
system          >    2: filename=cont-yes.mkiv filetype=tex foundname=/usr/share/texmf/tex/context/base/mkiv/cont-yes.mkiv fullname=/usr/share/texmf/tex/context/base/mkiv/cont-yes.mkiv usedmethod=database
system          >    3: filename=publ-imp-default.lua filetype=lua foundname=/usr/share/texmf/tex/context/base/mkiv/publ-imp-default.lua fullname=/usr/share/texmf/tex/context/base/mkiv/publ-imp-default.lua usedmethod=database
system          >    4: filename=cont-new.mkiv filetype=tex foundname=/usr/share/texmf/tex/context/base/mkiv/cont-new.mkiv fullname=/usr/share/texmf/tex/context/base/mkiv/cont-new.mkiv usedmethod=database
system          >    5: filename=lang-exc.lua filetype=lua foundname=/usr/share/texmf/tex/context/base/mkiv/lang-exc.lua fullname=/usr/share/texmf/tex/context/base/mkiv/lang-exc.lua usedmethod=database
system          >    6: filename=lang-us.lua filetype=lua foundname=/usr/share/texmf/tex/context/patterns/mkiv/lang-us.lua fullname=/usr/share/texmf/tex/context/patterns/mkiv/lang-us.lua usedmethod=database
system          >    7: filename=/home/editorial/LATEX/pesquisa-ConTeXt/example02.tex foundname=/home/editorial/LATEX/pesquisa-ConTeXt/example02.tex fullname=/home/editorial/LATEX/pesquisa-ConTeXt/example02.tex usedmethod=direct
system          >    8: filename=lang-fr.lua filetype=lua foundname=/usr/share/texmf/tex/context/patterns/mkiv/lang-fr.lua fullname=/usr/share/texmf/tex/context/patterns/mkiv/lang-fr.lua usedmethod=database
system          >    9: filename=symb-imp-fontawesome.mkiv filetype=tex foundname=/usr/share/texmf/tex/context/base/mkiv/symb-imp-fontawesome.mkiv fullname=/usr/share/texmf/tex/context/base/mkiv/symb-imp-fontawesome.mkiv usedmethod=database
system          >   10: filename=texgyre.lfg filetype=tex foundname=/usr/share/texmf/tex/context/fonts/mkiv/texgyre.lfg fullname=/usr/share/texmf/tex/context/fonts/mkiv/texgyre.lfg usedmethod=database
system          >   11: filename=Merriweather-Regular.otf filetype=otf format=otf foundname=/usr/share/texlive/texmf-dist/fonts/opentype/sorkin/merriweather/Merriweather-Regular.otf fullname=/usr/share/texlive/texmf-dist/fonts/opentype/sorkin/merriweather/Merriweather-Regular.otf usedmethod=database
system          >   12: filename=texgyrepagella-math.otf filetype=otf format=otf foundname=/usr/share/texmf/fonts/opentype/public/tex-gyre-math/texgyrepagella-math.otf fullname=/usr/share/texmf/fonts/opentype/public/tex-gyre-math/texgyrepagella-math.otf usedmethod=database
system          >   13: filename=MerriweatherSans-Regular.otf filetype=otf format=otf foundname=/usr/share/texlive/texmf-dist/fonts/opentype/sorkin/merriweather/MerriweatherSans-Regular.otf fullname=/usr/share/texlive/texmf-dist/fonts/opentype/sorkin/merriweather/MerriweatherSans-Regular.otf usedmethod=database
system          >   14: filename=MerriweatherSans-Bold.otf filetype=otf format=otf foundname=/usr/share/texlive/texmf-dist/fonts/opentype/sorkin/merriweather/MerriweatherSans-Bold.otf fullname=/usr/share/texlive/texmf-dist/fonts/opentype/sorkin/merriweather/MerriweatherSans-Bold.otf usedmethod=database
system          >   15: filename=metafun.mpiv filetype=mp foundname=/usr/share/texmf/metapost/context/base/mpiv/metafun.mpiv fullname=/usr/share/texmf/metapost/context/base/mpiv/metafun.mpiv usedmethod=database
system          >   16: filename=mp-base.mpiv filetype=mp format=mp foundname=/usr/share/texmf/metapost/context/base/mpiv/mp-base.mpiv fullname=/usr/share/texmf/metapost/context/base/mpiv/mp-base.mpiv usedmethod=database
system          >   17: filename=mp-tool.mpiv filetype=mp format=mp foundname=/usr/share/texmf/metapost/context/base/mpiv/mp-tool.mpiv fullname=/usr/share/texmf/metapost/context/base/mpiv/mp-tool.mpiv usedmethod=database
system          >   18: filename=mp-mlib.mpiv filetype=mp format=mp foundname=/usr/share/texmf/metapost/context/base/mpiv/mp-mlib.mpiv fullname=/usr/share/texmf/metapost/context/base/mpiv/mp-mlib.mpiv usedmethod=database
system          >   19: filename=mp-luas.mpiv filetype=mp format=mp foundname=/usr/share/texmf/metapost/context/base/mpiv/mp-luas.mpiv fullname=/usr/share/texmf/metapost/context/base/mpiv/mp-luas.mpiv usedmethod=database
system          >   20: filename=mp-cont.mpiv filetype=mp format=mp foundname=/usr/share/texmf/metapost/context/base/mpiv/mp-cont.mpiv fullname=/usr/share/texmf/metapost/context/base/mpiv/mp-cont.mpiv usedmethod=database
system          >   21: filename=mp-page.mpiv filetype=mp format=mp foundname=/usr/share/texmf/metapost/context/base/mpiv/mp-page.mpiv fullname=/usr/share/texmf/metapost/context/base/mpiv/mp-page.mpiv usedmethod=database
system          >   22: filename=mp-butt.mpiv filetype=mp format=mp foundname=/usr/share/texmf/metapost/context/base/mpiv/mp-butt.mpiv fullname=/usr/share/texmf/metapost/context/base/mpiv/mp-butt.mpiv usedmethod=database
system          >   23: filename=mp-shap.mpiv filetype=mp format=mp foundname=/usr/share/texmf/metapost/context/base/mpiv/mp-shap.mpiv fullname=/usr/share/texmf/metapost/context/base/mpiv/mp-shap.mpiv usedmethod=database
system          >   24: filename=mp-grph.mpiv filetype=mp format=mp foundname=/usr/share/texmf/metapost/context/base/mpiv/mp-grph.mpiv fullname=/usr/share/texmf/metapost/context/base/mpiv/mp-grph.mpiv usedmethod=database
system          >   25: filename=mp-grid.mpiv filetype=mp format=mp foundname=/usr/share/texmf/metapost/context/base/mpiv/mp-grid.mpiv fullname=/usr/share/texmf/metapost/context/base/mpiv/mp-grid.mpiv usedmethod=database
system          >   26: filename=mp-form.mpiv filetype=mp format=mp foundname=/usr/share/texmf/metapost/context/base/mpiv/mp-form.mpiv fullname=/usr/share/texmf/metapost/context/base/mpiv/mp-form.mpiv usedmethod=database
system          >   27: filename=mp-figs.mpiv filetype=mp format=mp foundname=/usr/share/texmf/metapost/context/base/mpiv/mp-figs.mpiv fullname=/usr/share/texmf/metapost/context/base/mpiv/mp-figs.mpiv usedmethod=database
system          >   28: filename=mp-func.mpiv filetype=mp format=mp foundname=/usr/share/texmf/metapost/context/base/mpiv/mp-func.mpiv fullname=/usr/share/texmf/metapost/context/base/mpiv/mp-func.mpiv usedmethod=database
system          >   29: filename=mp-node.mpiv filetype=mp format=mp foundname=/usr/share/texmf/metapost/context/base/mpiv/mp-node.mpiv fullname=/usr/share/texmf/metapost/context/base/mpiv/mp-node.mpiv usedmethod=database
system          >   30: filename=mp-apos.mpiv filetype=mp format=mp foundname=/usr/share/texmf/metapost/context/base/mpiv/mp-apos.mpiv fullname=/usr/share/texmf/metapost/context/base/mpiv/mp-apos.mpiv usedmethod=database
system          >   31: filename=mp-abck.mpiv filetype=mp format=mp foundname=/usr/share/texmf/metapost/context/base/mpiv/mp-abck.mpiv fullname=/usr/share/texmf/metapost/context/base/mpiv/mp-abck.mpiv usedmethod=database
system          >   32: filename=mp-blob.mpiv filetype=mp format=mp foundname=/usr/share/texmf/metapost/context/base/mpiv/mp-blob.mpiv fullname=/usr/share/texmf/metapost/context/base/mpiv/mp-blob.mpiv usedmethod=database
system          >   33: filename=Merriweather-Bold.otf filetype=otf format=otf foundname=/usr/share/texlive/texmf-dist/fonts/opentype/sorkin/merriweather/Merriweather-Bold.otf fullname=/usr/share/texlive/texmf-dist/fonts/opentype/sorkin/merriweather/Merriweather-Bold.otf usedmethod=database
system          >   34: filename=texgyrecursor-regular.otf filetype=otf format=otf foundname=/usr/share/texmf/fonts/opentype/public/tex-gyre/texgyrecursor-regular.otf fullname=/usr/share/texmf/fonts/opentype/public/tex-gyre/texgyrecursor-regular.otf usedmethod=database
system          >   35: filename=fontawesome filetype=otf format=otf foundname=/usr/share/texlive/texmf-dist/fonts/opentype/public/fontawesome/FontAwesome.otf fullname=/usr/share/texlive/texmf-dist/fonts/opentype/public/fontawesome/FontAwesome.otf usedmethod=database
system          >   36: filename=lpdf-pdx.xml filetype=tex foundname=/usr/share/texmf/tex/context/base/mkiv/lpdf-pdx.xml fullname=/usr/share/texmf/tex/context/base/mkiv/lpdf-pdx.xml usedmethod=database

system          > stop used files


system          > start commandline options

system          > currentrun="3"
system          > fulljobname="./example02.tex"
system          > input="./example02.tex"
system          > kindofrun="2"
system          > maxnofruns="9"
system          > texmfbinpath="/usr/bin"

system          > stop commandline options


system          > start commandline files

system          >    1: ./example02.tex

system          > stop commandline files


modules         > start used modules


modules         > stop used modules


fonts           > start missing characters: /usr/share/texlive/texmf-dist/fonts/opentype/sorkin/merriweather/Merriweather-Regular.otf

fonts           >    2  U+00623  أ  ARABIC LETTER ALEF WITH HAMZA ABOVE
fonts           >    9  U+00627  ا  ARABIC LETTER ALEF
fonts           >    3  U+00628  ب  ARABIC LETTER BEH
fonts           >    4  U+00629  ة  ARABIC LETTER TEH MARBUTA
fonts           >    1  U+0062C  ج  ARABIC LETTER JEEM
fonts           >    2  U+0062D  ح  ARABIC LETTER HAH
fonts           >    1  U+0062F  د  ARABIC LETTER DAL
fonts           >    4  U+00631  ر  ARABIC LETTER REH
fonts           >    1  U+00635  ص  ARABIC LETTER SAD
fonts           >    1  U+00636  ض  ARABIC LETTER DAD
fonts           >    1  U+00637  ط  ARABIC LETTER TAH
fonts           >    1  U+00639  ع  ARABIC LETTER AIN
fonts           >    1  U+00642  ق  ARABIC LETTER QAF
fonts           >    7  U+00644  ل  ARABIC LETTER LAM
fonts           >    2  U+00645  م  ARABIC LETTER MEEM
fonts           >    3  U+0064A  ي  ARABIC LETTER YEH

fonts           > stop missing characters


mkiv lua stats  > used config file: /usr/share/texmf/web2c/texmfcnf.lua;/usr/share/texlive/texmf-dist/web2c/texmfcnf.lua
mkiv lua stats  > used cache path: readable: '/var/lib/texmf/luatex-cache/context/b47c3d3cee7cb6c86268d0595268c442' | readable+writable: '/home/editorial/.texlive2021/texmf-var/luatex-cache/context/b47c3d3cee7cb6c86268d0595268c442'
mkiv lua stats  > resource resolver: loadtime 0.110 seconds, 1 scans with scantime 0.000 seconds, 0 shared scans, 36 found files, scanned paths: /home/editorial/texmf
mkiv lua stats  > stored bytecode data: 454 modules (0.279 sec), 96 tables (0.009 sec), 550 chunks (0.288 sec)
mkiv lua stats  > traced context: maxstack: 1422, freed: 2, unreachable: 1420
mkiv lua stats  > cleaned up reserved nodes: 66 nodes, 11 lists of 443
mkiv lua stats  > node memory usage: 16 attribute, 4 attribute_list, 1 glue, 51 glue_spec, 3 kern, 1 pdf_restore, 1 pdf_save, 2 pdf_setmatrix, 2 penalty, 2 temp, 2 user_defined
mkiv lua stats  > node list callback tasks: 8 unique task lists, 8 instances (re)created, 360 calls
mkiv lua stats  > used backend: pdf (backend for directly generating pdf output)
mkiv lua stats  > jobdata time: 0.001 seconds saving, 0.000 seconds loading
mkiv lua stats  > callbacks: internal: 973, file: 995, direct: 5, late: 22, function 1142, total: 3137 (1569 per page)
mkiv lua stats  > randomizer: resumed with value 0.29246788099408
mkiv lua stats  > positions: 13 collected, 13 regular, 0 special
mkiv lua stats  > result saved in file: example02.pdf, compresslevel 3, objectcompresslevel 1
mkiv lua stats  > loaded patterns: en::1 fr::59, load time: 0.000
mkiv lua stats  > loaded fonts: 7 files: fontawesome.otf, merriweather-bold.otf, merriweather-regular.otf, merriweathersans-bold.otf, merriweathersans-regular.otf, texgyrepagella-math.otf, texgyrecursor-regular.otf
mkiv lua stats  > font engine: otf 3.113, afm 1.513, tfm 1.000, 19 instances, 10 shared in backend, 2 common vectors, 8 common hashes, load time 0.162 seconds 
mkiv lua stats  > metapost: 0.002 seconds, loading: 0.012, execution: 0.001, n: 10, average: 0.001, instances: 1, luacalls: 56, memory: 2.598 M
mkiv lua stats  > graphics processing time: 0.010 seconds including tex, 2 processed images, 1 unique asked, 0 bad names
mkiv lua stats  > used platform: linux-64, type: unix, binary subtree: usr
mkiv lua stats  > used engine: luatex version: 1.14, functionality level: 7439, banner: this is luatex, version 1.14.0 (tex live 2022/dev/debian)
mkiv lua stats  > used hash slots: 47397 of 65536 + 200000
mkiv lua stats  > lua properties: engine: lua 5.3, used memory: 162 MB, ctx: 162 MB, max: unknown MB, hash chars: min(64,40), symbol mask: utf (τεχ)
mkiv lua stats  > runtime: 0.664 seconds, 2 processed pages, 2 shipped pages, 3.012 pages/second

