open source     > level 1, order 1, name '/usr/share/texmf/tex/context/base/mkiv/cont-yes.mkiv'
system          > 
system          > ConTeXt  ver: 2021.03.05 19:11 MKIV  fmt: 2022.11.12  int: english/english
system          > 
system          > 'cont-new.mkiv' loaded
open source     > level 2, order 2, name '/usr/share/texmf/tex/context/base/mkiv/cont-new.mkiv'
system          > beware: some patches loaded from cont-new.mkiv
close source    > level 2, order 2, name '/usr/share/texmf/tex/context/base/mkiv/cont-new.mkiv'
system          > files > jobname 'example03', input './example03', result 'example03'
fonts           > latin modern fonts are not preloaded
languages       > language 'en' is active
open source     > level 2, order 3, name '/home/editorial/LATEX/pesquisa-ConTeXt/example03.tex'
colors          > 'rgb' color space is supported
colors          > 'cmyk' color space is supported
fonts           > preloading latin modern fonts (third stage)
fonts           > 'fallback modern-designsize rm 11pt' is loaded
structure       > sectioning > title @ level 2 : 0.0 -> Hello, world!
structure       > sectioning > subject @ level 3 : 0.0.0 -> A list
structure       > sectioning > subject @ level 3 : 0.0.0 -> Math
structure       > sectioning > subject @ level 3 : 0.0.0 -> Text with figures

Overfull \hbox (16.50238pt too wide) in paragraph at lines 96--96
[][] 

\hbox(9.55925+3.71747)x469.75502, direction TLT
.\localpar
..\localinterlinepenalty=0
..\localbrokenpenalty=0
..\localleftbox=null
..\localrightbox=null
.\hbox(0.0+0.0)x16.50238, direction TLT
.\hbox(9.55925+3.71747)x469.75502, glue set 469.755fil, direction TLT
..\hbox(9.55925+3.71747)x0.0, direction TLT
..\glue 0.0 plus 1.0fil minus 1.0fil
.\penalty 10000
.\glue(\parfillskip) 0.0 plus 1.0fil
.etc.

floatblocks     > '1' placed (right)
open source     > level 3, order 4, name '/usr/share/texmf/tex/context/sample/common/tufte.tex'
close source    > level 3, order 4, name '/usr/share/texmf/tex/context/sample/common/tufte.tex'
floatblocks     > 1 saved
open source     > level 3, order 5, name '/usr/share/texmf/tex/context/sample/common/tufte.tex'
close source    > level 3, order 5, name '/usr/share/texmf/tex/context/sample/common/tufte.tex'
backend         > xmp > using file '/usr/share/texmf/tex/context/base/mkiv/lpdf-pdx.xml'
pages           > flushing realpage 1, userpage 1, subpage 1
floatblocks     > 1 moved
floatblocks     > '2' moved
pages           > flushing realpage 2, userpage 2, subpage 2
close source    > level 2, order 5, name '/home/editorial/LATEX/pesquisa-ConTeXt/example03.tex'
close source    > level 1, order 5, name '/usr/share/texmf/tex/context/base/mkiv/cont-yes.mkiv'

system          > start used files

system          > text: example03

system          > stop used files


system          > start used files

system          >    1: filename=char-prv.lua filetype=tex format=tex foundname=/usr/share/texmf/tex/context/base/mkiv/char-prv.lua fullname=/usr/share/texmf/tex/context/base/mkiv/char-prv.lua usedmethod=database
system          >    2: filename=cont-yes.mkiv filetype=tex foundname=/usr/share/texmf/tex/context/base/mkiv/cont-yes.mkiv fullname=/usr/share/texmf/tex/context/base/mkiv/cont-yes.mkiv usedmethod=database
system          >    3: filename=publ-imp-default.lua filetype=lua foundname=/usr/share/texmf/tex/context/base/mkiv/publ-imp-default.lua fullname=/usr/share/texmf/tex/context/base/mkiv/publ-imp-default.lua usedmethod=database
system          >    4: filename=cont-new.mkiv filetype=tex foundname=/usr/share/texmf/tex/context/base/mkiv/cont-new.mkiv fullname=/usr/share/texmf/tex/context/base/mkiv/cont-new.mkiv usedmethod=database
system          >    5: filename=lang-exc.lua filetype=lua foundname=/usr/share/texmf/tex/context/base/mkiv/lang-exc.lua fullname=/usr/share/texmf/tex/context/base/mkiv/lang-exc.lua usedmethod=database
system          >    6: filename=lang-us.lua filetype=lua foundname=/usr/share/texmf/tex/context/patterns/mkiv/lang-us.lua fullname=/usr/share/texmf/tex/context/patterns/mkiv/lang-us.lua usedmethod=database
system          >    7: filename=/home/editorial/LATEX/pesquisa-ConTeXt/example03.tex foundname=/home/editorial/LATEX/pesquisa-ConTeXt/example03.tex fullname=/home/editorial/LATEX/pesquisa-ConTeXt/example03.tex usedmethod=direct
system          >    8: filename=lm.lfg filetype=tex foundname=/usr/share/texmf/tex/context/fonts/mkiv/lm.lfg fullname=/usr/share/texmf/tex/context/fonts/mkiv/lm.lfg usedmethod=database
system          >    9: filename=lmroman10-regular filetype=otf format=otf foundname=/usr/share/texmf/fonts/opentype/public/lm/lmroman10-regular.otf fullname=/usr/share/texmf/fonts/opentype/public/lm/lmroman10-regular.otf usedmethod=database
system          >   10: filename=latinmodern-math.otf filetype=opentypefonts foundname=/usr/share/texmf/fonts/opentype/public/lm-math/latinmodern-math.otf fullname=/usr/share/texmf/fonts/opentype/public/lm-math/latinmodern-math.otf usedmethod=database
system          >   11: filename=lmsans10-regular filetype=otf format=otf foundname=/usr/share/texmf/fonts/opentype/public/lm/lmsans10-regular.otf fullname=/usr/share/texmf/fonts/opentype/public/lm/lmsans10-regular.otf usedmethod=database
system          >   12: filename=lmsans10-bold filetype=otf format=otf foundname=/usr/share/texmf/fonts/opentype/public/lm/lmsans10-bold.otf fullname=/usr/share/texmf/fonts/opentype/public/lm/lmsans10-bold.otf usedmethod=database
system          >   13: filename=lmroman10-bold filetype=otf format=otf foundname=/usr/share/texmf/fonts/opentype/public/lm/lmroman10-bold.otf fullname=/usr/share/texmf/fonts/opentype/public/lm/lmroman10-bold.otf usedmethod=database
system          >   14: filename=lmmono10-regular filetype=otf format=otf foundname=/usr/share/texmf/fonts/opentype/public/lm/lmmono10-regular.otf fullname=/usr/share/texmf/fonts/opentype/public/lm/lmmono10-regular.otf usedmethod=database
system          >   15: filename=lmmono8-regular filetype=otf format=otf foundname=/usr/share/texmf/fonts/opentype/public/lm/lmmono8-regular.otf fullname=/usr/share/texmf/fonts/opentype/public/lm/lmmono8-regular.otf usedmethod=database
system          >   16: filename=tufte filetype=tex foundname=/usr/share/texmf/tex/context/sample/common/tufte.tex fullname=/usr/share/texmf/tex/context/sample/common/tufte.tex usedmethod=database
system          >   17: filename=lmroman10-italic filetype=otf format=otf foundname=/usr/share/texmf/fonts/opentype/public/lm/lmroman10-italic.otf fullname=/usr/share/texmf/fonts/opentype/public/lm/lmroman10-italic.otf usedmethod=database
system          >   18: filename=lpdf-pdx.xml filetype=tex foundname=/usr/share/texmf/tex/context/base/mkiv/lpdf-pdx.xml fullname=/usr/share/texmf/tex/context/base/mkiv/lpdf-pdx.xml usedmethod=database

system          > stop used files


system          > start commandline options

system          > currentrun="3"
system          > fulljobname="./example03.tex"
system          > input="./example03.tex"
system          > kindofrun="2"
system          > maxnofruns="9"
system          > texmfbinpath="/usr/bin"

system          > stop commandline options


system          > start commandline files

system          >    1: ./example03.tex

system          > stop commandline files


modules         > start used modules


modules         > stop used modules


mkiv lua stats  > used config file: /usr/share/texmf/web2c/texmfcnf.lua;/usr/share/texlive/texmf-dist/web2c/texmfcnf.lua
mkiv lua stats  > used cache path: readable: '/var/lib/texmf/luatex-cache/context/b47c3d3cee7cb6c86268d0595268c442' | readable+writable: '/home/editorial/.texlive2021/texmf-var/luatex-cache/context/b47c3d3cee7cb6c86268d0595268c442'
mkiv lua stats  > resource resolver: loadtime 0.115 seconds, 1 scans with scantime 0.000 seconds, 0 shared scans, 18 found files, scanned paths: /home/editorial/texmf
mkiv lua stats  > stored bytecode data: 454 modules (0.280 sec), 96 tables (0.009 sec), 550 chunks (0.289 sec)
mkiv lua stats  > traced context: maxstack: 1420, freed: 0, unreachable: 1420
mkiv lua stats  > cleaned up reserved nodes: 68 nodes, 9 lists of 442
mkiv lua stats  > node memory usage: 18 attribute, 5 attribute_list, 2 glue, 52 glue_spec, 3 kern, 5 penalty, 2 temp, 2 user_defined
mkiv lua stats  > node list callback tasks: 8 unique task lists, 9 instances (re)created, 341 calls
mkiv lua stats  > used backend: pdf (backend for directly generating pdf output)
mkiv lua stats  > jobdata time: 0.001 seconds saving, 0.000 seconds loading
mkiv lua stats  > callbacks: internal: 724, file: 210, direct: 6, late: 14, function 870, total: 1824 (912 per page)
mkiv lua stats  > randomizer: resumed with value 0.77162192901596
mkiv lua stats  > result saved in file: example03.pdf, compresslevel 3, objectcompresslevel 1
mkiv lua stats  > loaded patterns: en::1, load time: 0.000
mkiv lua stats  > interactive elements: 6 references, 5 destinations
mkiv lua stats  > loaded fonts: 8 files: latinmodern-math.otf, lmmono10-regular.otf, lmmono8-regular.otf, lmroman10-bold.otf, lmroman10-italic.otf, lmroman10-regular.otf, lmsans10-bold.otf, lmsans10-regular.otf
mkiv lua stats  > font engine: otf 3.113, afm 1.513, tfm 1.000, 30 instances, 20 shared in backend, 3 common vectors, 17 common hashes, load time 0.307 seconds 
mkiv lua stats  > graphics processing time: 0.007 seconds including tex, 2 processed images, 1 unique asked, 0 bad names
mkiv lua stats  > pdf annotations: 6 links (6 unique), 0 special
mkiv lua stats  > used platform: linux-64, type: unix, binary subtree: usr
mkiv lua stats  > used engine: luatex version: 1.14, functionality level: 7439, banner: this is luatex, version 1.14.0 (tex live 2022/dev/debian)
mkiv lua stats  > used hash slots: 46623 of 65536 + 200000
mkiv lua stats  > lua properties: engine: lua 5.3, used memory: 181 MB, ctx: 181 MB, max: unknown MB, hash chars: min(64,40), symbol mask: utf (τεχ)
mkiv lua stats  > runtime: 0.783 seconds, 2 processed pages, 2 shipped pages, 2.554 pages/second

