open source     > level 1, order 1, name '/usr/share/texmf/tex/context/base/mkiv/cont-yes.mkiv'
system          > 
system          > ConTeXt  ver: 2021.03.05 19:11 MKIV  fmt: 2022.8.13  int: english/english
system          > 
system          > 'cont-new.mkiv' loaded
open source     > level 2, order 2, name '/usr/share/texmf/tex/context/base/mkiv/cont-new.mkiv'
system          > beware: some patches loaded from cont-new.mkiv
close source    > level 2, order 2, name '/usr/share/texmf/tex/context/base/mkiv/cont-new.mkiv'
system          > files > jobname 'project', input './project', result 'project'
fonts           > latin modern fonts are not preloaded
languages       > language 'en' is active
open source     > level 2, order 3, name '/home/editorial/LATEX/pesquisa-ConTeXt/project.tex'
open source     > level 3, order 4, name '/usr/share/texmf/doc/context/third/context-notes-zh-cn/src/layout.tex'
fonts           > preloading latin modern fonts (second stage)
fonts           > 'fallback modern-designsize rm 12pt' is loaded
backend         > xmp > using file '/usr/share/texmf/tex/context/base/mkiv/lpdf-pdx.xml'
pages           > flushing realpage 1, userpage 1, subpage 1
structure       > sectioning > chapter @ level 2 : 0.1 -> 版面设计
structure       > sectioning > section @ level 3 : 0.1.1 -> 页面与纸张

tex error       > tex error on line 12 in file /usr/share/texmf/doc/context/third/context-notes-zh-cn/src/layout.tex: ! Undefined control sequence

l.12 \startniceTEX
                

 2     \product ctxnotes
 3     
 4     \chapter{版面设计}
 5     
 6     其实我不懂排版，我只是希望这份文档的版面看上去不那么丑陋，所以我经常留意有关排版的知识，并乐于使用 \CONTEXT\ 来实践。我将这个实践的过程整理出来，就是本章所记述的内容，并且每当我修改本文档的版面风格时，这一章的内容也会适应性的变动。可以将本章看作是这份笔记版面设计的说明书。
 7     
 8     \section{页面与纸张}
 9     
10     页面尺寸就是文档的版面尺寸，而纸张尺寸是指文档印刷用纸的规格，它们的取值一般是相同的；只有在要求每张印刷用纸上实现多页排版时，二者的取值才不一样。这份笔记的屏幕阅读文档页面与纸张尺寸设定如下：
11     
12 >>  \startniceTEX
13     \definepapersize[SCREEN][width=24cm,height=18cm]
14     \setuppapersize[SCREEN][SCREEN]
15     \stopniceTEX
16     
17     \noindent 其意是指页面与纸张的尺寸的宽高分别为 24cm 与 18cm，这是考虑到显示屏幕尺寸的宽高比一般为 4:3，这样可以充分利用屏幕区域，并且翻页方便。
18     
19     页面与纸张的规格可以采用 \CONTEXT\ 已经预定义好的国际标准规格，如 A0～A10、B0～B5 等；也可以采用自定义尺寸：
20     
21     \startniceTEX
22     \definepapersize[I18][width=18.5cm,height=23cm]

