open source     > level 1, order 1, name '/usr/share/texmf/tex/context/base/mkiv/cont-yes.mkiv'
system          > 
system          > ConTeXt  ver: 2021.03.05 19:11 MKIV  fmt: 2022.8.13  int: english/english
system          > 
system          > 'cont-new.mkiv' loaded
open source     > level 2, order 2, name '/usr/share/texmf/tex/context/base/mkiv/cont-new.mkiv'
system          > beware: some patches loaded from cont-new.mkiv
close source    > level 2, order 2, name '/usr/share/texmf/tex/context/base/mkiv/cont-new.mkiv'
system          > files > jobname 'symbols', input './symbols', result 'symbols'
fonts           > latin modern fonts are not preloaded
languages       > language 'en' is active
open source     > level 2, order 3, name '/home/editorial/LATEX/pesquisa-ConTeXt/symbols.tex'
open source     > level 3, order 4, name '/usr/share/texmf/tex/context/base/mkiv/symb-imp-fontawesome.mkiv'
close source    > level 3, order 4, name '/usr/share/texmf/tex/context/base/mkiv/symb-imp-fontawesome.mkiv'
fonts           > symbols > library 'fontawesome' loaded
fonts           > preloading latin modern fonts (second stage)
fonts           > 'fallback modern-designsize rm 12pt' is loaded

tex error       > tex error on line 8 in file /home/editorial/LATEX/pesquisa-ConTeXt/symbols.tex: ! Undefined control sequence

<recently read> \LDE 
     
l.8 $\LDE
       {1, -3, 2}{2, 1}$

 1     \usesymbols[fontawesome]
 2     
 3     
 4     \starttext
 5     % https://fontawesome.com/search?o=r&m=free
 6     \tfd \symbol[fontawesome][camera]
 7     
 8 >>  $\LDE{1, -3, 2}{2, 1}$
 9     
10     
11     \stoptext

