open source     > level 1, order 1, name '/usr/share/texmf/tex/context/base/mkiv/cont-yes.mkiv'
system          > 
system          > ConTeXt  ver: 2021.03.05 19:11 MKIV  fmt: 2022.11.12  int: english/english
system          > 
system          > 'cont-new.mkiv' loaded
open source     > level 2, order 2, name '/usr/share/texmf/tex/context/base/mkiv/cont-new.mkiv'
system          > beware: some patches loaded from cont-new.mkiv
close source    > level 2, order 2, name '/usr/share/texmf/tex/context/base/mkiv/cont-new.mkiv'
system          > files > jobname 'box', input './box', result 'box'
fonts           > latin modern fonts are not preloaded
languages       > language 'en' is active
open source     > level 2, order 3, name '/home/editorial/LATEX/pesquisa-ConTeXt/boxes/box.tex'

tex error       > tex error on line 3 in file /home/editorial/LATEX/pesquisa-ConTeXt/boxes/box.tex: ! Undefined control sequence

l.3 \documentclass
                [a5paper]{article}

 1     % Torn paper with matching torn edges
 2     % Author: Jose Luis Diaz
 3 >>  \documentclass[a5paper]{article}
 4     \usepackage{lipsum}   % To generate test text
 5     
 6     
 7     \usepackage{tornpaper-tikz}
 8     
 9     
10     
11     \begin{document}
12     \begin{center}
13     \noindent

