open source     > level 1, order 1, name '/usr/share/texmf/tex/context/base/mkiv/cont-yes.mkiv'
system          > 
system          > ConTeXt  ver: 2021.03.05 19:11 MKIV  fmt: 2022.8.13  int: english/english
system          > 
system          > 'cont-new.mkiv' loaded
open source     > level 2, order 2, name '/usr/share/texmf/tex/context/base/mkiv/cont-new.mkiv'
system          > beware: some patches loaded from cont-new.mkiv
close source    > level 2, order 2, name '/usr/share/texmf/tex/context/base/mkiv/cont-new.mkiv'
system          > files > jobname 'myfile', input './myfile', result 'myfile'
fonts           > latin modern fonts are not preloaded
languages       > language 'en' is active
open source     > level 2, order 3, name '/home/editorial/LATEX/pesquisa-ConTeXt/_ebook/myfile.tex'
open source     > level 3, order 4, name '../edlab.env'
colors          > 'rgb' color space is supported
colors          > 'cmyk' color space is supported
close source    > level 3, order 4, name '../edlab.env'
open source     > level 3, order 5, name '../edlab-penalties.env'
close source    > level 3, order 5, name '../edlab-penalties.env'
fonts           > preloading latin modern fonts (second stage)
fonts           > 'fallback modern-designsize rm 12pt' is loaded
structure       > sectioning > title @ level 2 : 0.0 -> \par 
open source     > level 3, order 6, name '/usr/share/texmf/tex/context/sample/common/knuth.tex'
close source    > level 3, order 6, name '/usr/share/texmf/tex/context/sample/common/knuth.tex'
structure       > sectioning > section @ level 3 : 0.0.1 -> \par 
open source     > level 3, order 7, name '/usr/share/texmf/tex/context/sample/common/knuth.tex'
close source    > level 3, order 7, name '/usr/share/texmf/tex/context/sample/common/knuth.tex'
backend         > xmp > using file '/usr/share/texmf/tex/context/base/mkiv/lpdf-pdx.xml'
pages           > flushing realpage 1, userpage 1, subpage 1
close source    > level 2, order 7, name '/home/editorial/LATEX/pesquisa-ConTeXt/_ebook/myfile.tex'
close source    > level 1, order 7, name '/usr/share/texmf/tex/context/base/mkiv/cont-yes.mkiv'

system          > start used files

system          > text: myfile

system          > stop used files


system          > start used files

system          >    1: filename=char-prv.lua filetype=tex format=tex foundname=/usr/share/texmf/tex/context/base/mkiv/char-prv.lua fullname=/usr/share/texmf/tex/context/base/mkiv/char-prv.lua usedmethod=database
system          >    2: filename=cont-yes.mkiv filetype=tex foundname=/usr/share/texmf/tex/context/base/mkiv/cont-yes.mkiv fullname=/usr/share/texmf/tex/context/base/mkiv/cont-yes.mkiv usedmethod=database
system          >    3: filename=publ-imp-default.lua filetype=lua foundname=/usr/share/texmf/tex/context/base/mkiv/publ-imp-default.lua fullname=/usr/share/texmf/tex/context/base/mkiv/publ-imp-default.lua usedmethod=database
system          >    4: filename=cont-new.mkiv filetype=tex foundname=/usr/share/texmf/tex/context/base/mkiv/cont-new.mkiv fullname=/usr/share/texmf/tex/context/base/mkiv/cont-new.mkiv usedmethod=database
system          >    5: filename=lang-exc.lua filetype=lua foundname=/usr/share/texmf/tex/context/base/mkiv/lang-exc.lua fullname=/usr/share/texmf/tex/context/base/mkiv/lang-exc.lua usedmethod=database
system          >    6: filename=lang-us.lua filetype=lua foundname=/usr/share/texmf/tex/context/patterns/mkiv/lang-us.lua fullname=/usr/share/texmf/tex/context/patterns/mkiv/lang-us.lua usedmethod=database
system          >    7: filename=/home/editorial/LATEX/pesquisa-ConTeXt/_ebook/myfile.tex foundname=/home/editorial/LATEX/pesquisa-ConTeXt/_ebook/myfile.tex fullname=/home/editorial/LATEX/pesquisa-ConTeXt/_ebook/myfile.tex usedmethod=direct
system          >    8: filename=../edlab.env foundname=../edlab.env fullname=/home/editorial/LATEX/pesquisa-ConTeXt/edlab.env usedmethod=direct
system          >    9: filename=../edlab-penalties.env foundname=../edlab-penalties.env fullname=/home/editorial/LATEX/pesquisa-ConTeXt/edlab-penalties.env usedmethod=direct
system          >   10: filename=lm.lfg filetype=tex foundname=/usr/share/texmf/tex/context/fonts/mkiv/lm.lfg fullname=/usr/share/texmf/tex/context/fonts/mkiv/lm.lfg usedmethod=database
system          >   11: filename=lmroman12-regular filetype=otf format=otf foundname=/usr/share/texmf/fonts/opentype/public/lm/lmroman12-regular.otf fullname=/usr/share/texmf/fonts/opentype/public/lm/lmroman12-regular.otf usedmethod=database
system          >   12: filename=latinmodern-math.otf filetype=opentypefonts foundname=/usr/share/texmf/fonts/opentype/public/lm-math/latinmodern-math.otf fullname=/usr/share/texmf/fonts/opentype/public/lm-math/latinmodern-math.otf usedmethod=database
system          >   13: filename=lmroman10-regular filetype=otf format=otf foundname=/usr/share/texmf/fonts/opentype/public/lm/lmroman10-regular.otf fullname=/usr/share/texmf/fonts/opentype/public/lm/lmroman10-regular.otf usedmethod=database
system          >   14: filename=knuth filetype=tex foundname=/usr/share/texmf/tex/context/sample/common/knuth.tex fullname=/usr/share/texmf/tex/context/sample/common/knuth.tex usedmethod=database
system          >   15: filename=lmroman8-regular filetype=otf format=otf foundname=/usr/share/texmf/fonts/opentype/public/lm/lmroman8-regular.otf fullname=/usr/share/texmf/fonts/opentype/public/lm/lmroman8-regular.otf usedmethod=database
system          >   16: filename=lpdf-pdx.xml filetype=tex foundname=/usr/share/texmf/tex/context/base/mkiv/lpdf-pdx.xml fullname=/usr/share/texmf/tex/context/base/mkiv/lpdf-pdx.xml usedmethod=database

system          > stop used files


system          > start commandline options

system          > currentrun="3"
system          > fulljobname="./myfile.tex"
system          > input="./myfile.tex"
system          > kindofrun="2"
system          > maxnofruns="9"
system          > texmfbinpath="/usr/bin"

system          > stop commandline options


system          > start commandline files

system          >    1: ./myfile.tex

system          > stop commandline files


modules         > start used modules


modules         > stop used modules


mkiv lua stats  > used config file: /usr/share/texmf/web2c/texmfcnf.lua;/usr/share/texlive/texmf-dist/web2c/texmfcnf.lua
mkiv lua stats  > used cache path: readable: '/var/lib/texmf/luatex-cache/context/b47c3d3cee7cb6c86268d0595268c442' | readable+writable: '/home/editorial/.texlive2021/texmf-var/luatex-cache/context/b47c3d3cee7cb6c86268d0595268c442'
mkiv lua stats  > resource resolver: loadtime 0.184 seconds, 1 scans with scantime 0.001 seconds, 0 shared scans, 16 found files, scanned paths: /home/editorial/texmf
mkiv lua stats  > stored bytecode data: 454 modules (0.421 sec), 96 tables (0.019 sec), 550 chunks (0.440 sec)
mkiv lua stats  > traced context: maxstack: 1422, freed: 2, unreachable: 1420
mkiv lua stats  > cleaned up reserved nodes: 60 nodes, 9 lists of 442
mkiv lua stats  > node memory usage: 18 attribute, 5 attribute_list, 2 glue, 52 glue_spec, 3 kern, 2 penalty, 1 shape, 2 temp, 2 user_defined
mkiv lua stats  > node list callback tasks: 8 unique task lists, 7 instances (re)created, 176 calls
mkiv lua stats  > used backend: pdf (backend for directly generating pdf output)
mkiv lua stats  > jobdata time: 0.002 seconds saving, 0.001 seconds loading
mkiv lua stats  > callbacks: internal: 429, file: 274, direct: 2, late: 9, function 628, total: 1342 (1342 per page)
mkiv lua stats  > randomizer: resumed with value 0.49353385949507
mkiv lua stats  > result saved in file: myfile.pdf, compresslevel 3, objectcompresslevel 1
mkiv lua stats  > loaded patterns: en::1, load time: 0.000
mkiv lua stats  > interactive elements: 2 references, 4 destinations
mkiv lua stats  > loaded fonts: 4 files: latinmodern-math.otf, lmroman10-regular.otf, lmroman12-regular.otf, lmroman8-regular.otf
mkiv lua stats  > font engine: otf 3.113, afm 1.513, tfm 1.000, 17 instances, 11 shared in backend, 3 common vectors, 8 common hashes, load time 0.428 seconds 
mkiv lua stats  > pdf annotations: 2 links (2 unique), 0 special
mkiv lua stats  > used platform: linux-64, type: unix, binary subtree: usr
mkiv lua stats  > used engine: luatex version: 1.14, functionality level: 7439, banner: this is luatex, version 1.14.0 (tex live 2022/dev/debian)
mkiv lua stats  > used hash slots: 46543 of 65536 + 200000
mkiv lua stats  > lua properties: engine: lua 5.3, used memory: 161 MB, ctx: 161 MB, max: unknown MB, hash chars: min(64,40), symbol mask: utf (τεχ)
mkiv lua stats  > runtime: 1.043 seconds, 1 processed pages, 1 shipped pages, 0.959 pages/second

